2018-08-23 08:29:42 INFO  com.example.sureoa.SureoaWebApplication:50 - Starting SureoaWebApplication on ASZAA-D216 with PID 22156 (started by songwenjia in E:\雅典娜项目\sureoa20180822)
2018-08-23 08:29:42 INFO  com.example.sureoa.SureoaWebApplication:662 - No active profile set, falling back to default profiles: default
2018-08-23 08:29:42 INFO  org.springframework.boot.web.servlet.context.AnnotationConfigServletWebServerApplicationContext:590 - Refreshing org.springframework.boot.web.servlet.context.AnnotationConfigServletWebServerApplicationContext@3243b914: startup date [Thu Aug 23 08:29:42 CST 2018]; root of context hierarchy
2018-08-23 08:29:43 WARN  org.mybatis.spring.mapper.ClassPathMapperScanner:166 - No MyBatis mapper was found in '[com.example.sureoa]' package. Please check your configuration.
2018-08-23 08:29:43 WARN  org.mybatis.spring.mapper.ClassPathMapperScanner:166 - No MyBatis mapper was found in '[com.example.sureoa]' package. Please check your configuration.
2018-08-23 08:29:45 ERROR org.apache.catalina.core.AprLifecycleListener:180 - An incompatible version [1.2.12] of the APR based Apache Tomcat Native library is installed, while Tomcat requires version [1.2.14]
2018-08-23 08:29:45 INFO  org.springframework.boot.web.embedded.tomcat.TomcatWebServer:91 - Tomcat initialized with port(s): 8081 (http)
2018-08-23 08:29:45 ERROR org.apache.catalina.core.AprLifecycleListener:180 - An incompatible version [1.2.12] of the APR based Apache Tomcat Native library is installed, while Tomcat requires version [1.2.14]
2018-08-23 08:29:45 INFO  org.apache.coyote.http11.Http11NioProtocol:180 - Initializing ProtocolHandler ["http-nio-8081"]
2018-08-23 08:29:45 INFO  org.apache.catalina.core.StandardService:180 - Starting service [Tomcat]
2018-08-23 08:29:45 INFO  org.apache.catalina.core.StandardEngine:180 - Starting Servlet Engine: Apache Tomcat/8.5.32
2018-08-23 08:29:45 ERROR org.apache.catalina.core.AprLifecycleListener:180 - An incompatible version [1.2.12] of the APR based Apache Tomcat Native library is installed, while Tomcat requires version [1.2.14]
2018-08-23 08:29:45 INFO  org.apache.catalina.core.ContainerBase.[Tomcat].[localhost].[/]:180 - Initializing Spring embedded WebApplicationContext
2018-08-23 08:29:45 INFO  org.springframework.web.context.ContextLoader:285 - Root WebApplicationContext: initialization completed in 3388 ms
2018-08-23 08:29:45 INFO  org.springframework.boot.web.servlet.ServletRegistrationBean:187 - Servlet dispatcherServlet mapped to [/]
2018-08-23 08:29:45 INFO  org.springframework.boot.web.servlet.FilterRegistrationBean:245 - Mapping filter: 'characterEncodingFilter' to: [/*]
2018-08-23 08:29:45 INFO  org.springframework.boot.web.servlet.FilterRegistrationBean:245 - Mapping filter: 'hiddenHttpMethodFilter' to: [/*]
2018-08-23 08:29:45 INFO  org.springframework.boot.web.servlet.FilterRegistrationBean:245 - Mapping filter: 'httpPutFormContentFilter' to: [/*]
2018-08-23 08:29:45 INFO  org.springframework.boot.web.servlet.FilterRegistrationBean:245 - Mapping filter: 'requestContextFilter' to: [/*]
2018-08-23 08:29:46 INFO  org.springframework.web.servlet.handler.SimpleUrlHandlerMapping:373 - Mapped URL path [/**/favicon.ico] onto handler of type [class org.springframework.web.servlet.resource.ResourceHttpRequestHandler]
2018-08-23 08:29:46 INFO  org.springframework.web.servlet.mvc.method.annotation.RequestMappingHandlerAdapter:574 - Looking for @ControllerAdvice: org.springframework.boot.web.servlet.context.AnnotationConfigServletWebServerApplicationContext@3243b914: startup date [Thu Aug 23 08:29:42 CST 2018]; root of context hierarchy
2018-08-23 08:29:46 INFO  org.springframework.web.servlet.mvc.method.annotation.RequestMappingHandlerMapping:547 - Mapped "{[/error]}" onto public org.springframework.http.ResponseEntity<java.util.Map<java.lang.String, java.lang.Object>> org.springframework.boot.autoconfigure.web.servlet.error.BasicErrorController.error(javax.servlet.http.HttpServletRequest)
2018-08-23 08:29:46 INFO  org.springframework.web.servlet.mvc.method.annotation.RequestMappingHandlerMapping:547 - Mapped "{[/error],produces=[text/html]}" onto public org.springframework.web.servlet.ModelAndView org.springframework.boot.autoconfigure.web.servlet.error.BasicErrorController.errorHtml(javax.servlet.http.HttpServletRequest,javax.servlet.http.HttpServletResponse)
2018-08-23 08:29:46 INFO  org.springframework.web.servlet.handler.SimpleUrlHandlerMapping:373 - Mapped URL path [/webjars/**] onto handler of type [class org.springframework.web.servlet.resource.ResourceHttpRequestHandler]
2018-08-23 08:29:46 INFO  org.springframework.web.servlet.handler.SimpleUrlHandlerMapping:373 - Mapped URL path [/**] onto handler of type [class org.springframework.web.servlet.resource.ResourceHttpRequestHandler]
2018-08-23 08:29:47 WARN  org.springframework.boot.web.servlet.context.AnnotationConfigServletWebServerApplicationContext:558 - Exception encountered during context initialization - cancelling refresh attempt: org.springframework.beans.factory.BeanCreationException: Error creating bean with name 'dynamicDataSource' defined in class path resource [com/baomidou/dynamic/datasource/spring/boot/DynamicDataSourceAutoConfiguration.class]: Invocation of init method failed; nested exception is org.springframework.boot.autoconfigure.jdbc.DataSourceProperties$DataSourceBeanCreationException: Failed to determine a suitable driver class
2018-08-23 08:29:47 INFO  org.apache.catalina.core.StandardService:180 - Stopping service [Tomcat]
2018-08-23 08:29:47 INFO  org.springframework.boot.autoconfigure.logging.ConditionEvaluationReportLoggingListener:101 - 

Error starting ApplicationContext. To display the conditions report re-run your application with 'debug' enabled.
2018-08-23 08:29:47 ERROR org.springframework.boot.diagnostics.LoggingFailureAnalysisReporter:42 - 

***************************
APPLICATION FAILED TO START
***************************

Description:

Failed to configure a DataSource: 'url' attribute is not specified and no embedded datasource could be configured.

Reason: Failed to determine a suitable driver class


Action:

Consider the following:
	If you want an embedded database (H2, HSQL or Derby), please put it on the classpath.
	If you have database settings to be loaded from a particular profile you may need to activate it (no profiles are currently active).

2018-08-23 08:48:32 INFO  com.example.sureoa.SureoaWebApplication:50 - Starting SureoaWebApplication on ASZAA-D216 with PID 17760 (started by songwenjia in E:\雅典娜项目\sureoa20180822)
2018-08-23 08:48:32 INFO  com.example.sureoa.SureoaWebApplication:662 - No active profile set, falling back to default profiles: default
2018-08-23 08:48:32 INFO  org.springframework.boot.web.servlet.context.AnnotationConfigServletWebServerApplicationContext:590 - Refreshing org.springframework.boot.web.servlet.context.AnnotationConfigServletWebServerApplicationContext@222eb8aa: startup date [Thu Aug 23 08:48:32 CST 2018]; root of context hierarchy
2018-08-23 08:48:33 WARN  org.mybatis.spring.mapper.ClassPathMapperScanner:166 - No MyBatis mapper was found in '[com.example.sureoa]' package. Please check your configuration.
2018-08-23 08:48:33 WARN  org.mybatis.spring.mapper.ClassPathMapperScanner:166 - No MyBatis mapper was found in '[com.example.sureoa]' package. Please check your configuration.
2018-08-23 08:48:34 ERROR org.apache.catalina.core.AprLifecycleListener:180 - An incompatible version [1.2.12] of the APR based Apache Tomcat Native library is installed, while Tomcat requires version [1.2.14]
2018-08-23 08:48:34 INFO  org.springframework.boot.web.embedded.tomcat.TomcatWebServer:91 - Tomcat initialized with port(s): 8081 (http)
2018-08-23 08:48:34 ERROR org.apache.catalina.core.AprLifecycleListener:180 - An incompatible version [1.2.12] of the APR based Apache Tomcat Native library is installed, while Tomcat requires version [1.2.14]
2018-08-23 08:48:34 INFO  org.apache.coyote.http11.Http11NioProtocol:180 - Initializing ProtocolHandler ["http-nio-8081"]
2018-08-23 08:48:34 INFO  org.apache.catalina.core.StandardService:180 - Starting service [Tomcat]
2018-08-23 08:48:34 INFO  org.apache.catalina.core.StandardEngine:180 - Starting Servlet Engine: Apache Tomcat/8.5.32
2018-08-23 08:48:35 ERROR org.apache.catalina.core.AprLifecycleListener:180 - An incompatible version [1.2.12] of the APR based Apache Tomcat Native library is installed, while Tomcat requires version [1.2.14]
2018-08-23 08:48:35 INFO  org.apache.catalina.core.ContainerBase.[Tomcat].[localhost].[/]:180 - Initializing Spring embedded WebApplicationContext
2018-08-23 08:48:35 INFO  org.springframework.web.context.ContextLoader:285 - Root WebApplicationContext: initialization completed in 2963 ms
2018-08-23 08:48:35 INFO  org.springframework.boot.web.servlet.ServletRegistrationBean:187 - Servlet dispatcherServlet mapped to [/]
2018-08-23 08:48:35 INFO  org.springframework.boot.web.servlet.FilterRegistrationBean:245 - Mapping filter: 'characterEncodingFilter' to: [/*]
2018-08-23 08:48:35 INFO  org.springframework.boot.web.servlet.FilterRegistrationBean:245 - Mapping filter: 'hiddenHttpMethodFilter' to: [/*]
2018-08-23 08:48:35 INFO  org.springframework.boot.web.servlet.FilterRegistrationBean:245 - Mapping filter: 'httpPutFormContentFilter' to: [/*]
2018-08-23 08:48:35 INFO  org.springframework.boot.web.servlet.FilterRegistrationBean:245 - Mapping filter: 'requestContextFilter' to: [/*]
2018-08-23 08:48:35 INFO  org.springframework.web.servlet.handler.SimpleUrlHandlerMapping:373 - Mapped URL path [/**/favicon.ico] onto handler of type [class org.springframework.web.servlet.resource.ResourceHttpRequestHandler]
2018-08-23 08:48:35 INFO  org.springframework.web.servlet.mvc.method.annotation.RequestMappingHandlerAdapter:574 - Looking for @ControllerAdvice: org.springframework.boot.web.servlet.context.AnnotationConfigServletWebServerApplicationContext@222eb8aa: startup date [Thu Aug 23 08:48:32 CST 2018]; root of context hierarchy
2018-08-23 08:48:36 INFO  org.springframework.web.servlet.mvc.method.annotation.RequestMappingHandlerMapping:547 - Mapped "{[/error]}" onto public org.springframework.http.ResponseEntity<java.util.Map<java.lang.String, java.lang.Object>> org.springframework.boot.autoconfigure.web.servlet.error.BasicErrorController.error(javax.servlet.http.HttpServletRequest)
2018-08-23 08:48:36 INFO  org.springframework.web.servlet.mvc.method.annotation.RequestMappingHandlerMapping:547 - Mapped "{[/error],produces=[text/html]}" onto public org.springframework.web.servlet.ModelAndView org.springframework.boot.autoconfigure.web.servlet.error.BasicErrorController.errorHtml(javax.servlet.http.HttpServletRequest,javax.servlet.http.HttpServletResponse)
2018-08-23 08:48:36 INFO  org.springframework.web.servlet.handler.SimpleUrlHandlerMapping:373 - Mapped URL path [/webjars/**] onto handler of type [class org.springframework.web.servlet.resource.ResourceHttpRequestHandler]
2018-08-23 08:48:36 INFO  org.springframework.web.servlet.handler.SimpleUrlHandlerMapping:373 - Mapped URL path [/**] onto handler of type [class org.springframework.web.servlet.resource.ResourceHttpRequestHandler]
2018-08-23 08:48:36 WARN  org.springframework.boot.web.servlet.context.AnnotationConfigServletWebServerApplicationContext:558 - Exception encountered during context initialization - cancelling refresh attempt: org.springframework.beans.factory.BeanCreationException: Error creating bean with name 'dynamicDataSource' defined in class path resource [com/baomidou/dynamic/datasource/spring/boot/DynamicDataSourceAutoConfiguration.class]: Invocation of init method failed; nested exception is org.springframework.boot.autoconfigure.jdbc.DataSourceProperties$DataSourceBeanCreationException: Failed to determine a suitable driver class
2018-08-23 08:48:36 INFO  org.apache.catalina.core.StandardService:180 - Stopping service [Tomcat]
2018-08-23 08:48:36 INFO  org.springframework.boot.autoconfigure.logging.ConditionEvaluationReportLoggingListener:101 - 

Error starting ApplicationContext. To display the conditions report re-run your application with 'debug' enabled.
2018-08-23 08:48:36 ERROR org.springframework.boot.diagnostics.LoggingFailureAnalysisReporter:42 - 

***************************
APPLICATION FAILED TO START
***************************

Description:

Failed to configure a DataSource: 'url' attribute is not specified and no embedded datasource could be configured.

Reason: Failed to determine a suitable driver class


Action:

Consider the following:
	If you want an embedded database (H2, HSQL or Derby), please put it on the classpath.
	If you have database settings to be loaded from a particular profile you may need to activate it (no profiles are currently active).

2018-08-23 09:23:18 INFO  com.example.sureoa.SureoaWebApplication:50 - Starting SureoaWebApplication on ASZAA-D216 with PID 50368 (started by songwenjia in E:\雅典娜项目\sureoa20180822)
2018-08-23 09:23:18 INFO  com.example.sureoa.SureoaWebApplication:662 - No active profile set, falling back to default profiles: default
2018-08-23 09:23:18 INFO  org.springframework.boot.web.servlet.context.AnnotationConfigServletWebServerApplicationContext:590 - Refreshing org.springframework.boot.web.servlet.context.AnnotationConfigServletWebServerApplicationContext@294e5088: startup date [Thu Aug 23 09:23:18 CST 2018]; root of context hierarchy
2018-08-23 09:23:19 WARN  org.mybatis.spring.mapper.ClassPathMapperScanner:166 - No MyBatis mapper was found in '[com.example.sureoa]' package. Please check your configuration.
2018-08-23 09:23:19 WARN  org.mybatis.spring.mapper.ClassPathMapperScanner:166 - No MyBatis mapper was found in '[com.example.sureoa]' package. Please check your configuration.
2018-08-23 09:23:21 ERROR org.apache.catalina.core.AprLifecycleListener:180 - An incompatible version [1.2.12] of the APR based Apache Tomcat Native library is installed, while Tomcat requires version [1.2.14]
2018-08-23 09:23:21 INFO  org.springframework.boot.web.embedded.tomcat.TomcatWebServer:91 - Tomcat initialized with port(s): 8081 (http)
2018-08-23 09:23:21 ERROR org.apache.catalina.core.AprLifecycleListener:180 - An incompatible version [1.2.12] of the APR based Apache Tomcat Native library is installed, while Tomcat requires version [1.2.14]
2018-08-23 09:23:21 INFO  org.apache.coyote.http11.Http11NioProtocol:180 - Initializing ProtocolHandler ["http-nio-8081"]
2018-08-23 09:23:21 INFO  org.apache.catalina.core.StandardService:180 - Starting service [Tomcat]
2018-08-23 09:23:21 INFO  org.apache.catalina.core.StandardEngine:180 - Starting Servlet Engine: Apache Tomcat/8.5.32
2018-08-23 09:23:21 ERROR org.apache.catalina.core.AprLifecycleListener:180 - An incompatible version [1.2.12] of the APR based Apache Tomcat Native library is installed, while Tomcat requires version [1.2.14]
2018-08-23 09:23:21 INFO  org.apache.catalina.core.ContainerBase.[Tomcat].[localhost].[/]:180 - Initializing Spring embedded WebApplicationContext
2018-08-23 09:23:21 INFO  org.springframework.web.context.ContextLoader:285 - Root WebApplicationContext: initialization completed in 2917 ms
2018-08-23 09:23:21 INFO  org.springframework.boot.web.servlet.ServletRegistrationBean:187 - Servlet dispatcherServlet mapped to [/]
2018-08-23 09:23:21 INFO  org.springframework.boot.web.servlet.FilterRegistrationBean:245 - Mapping filter: 'characterEncodingFilter' to: [/*]
2018-08-23 09:23:21 INFO  org.springframework.boot.web.servlet.FilterRegistrationBean:245 - Mapping filter: 'hiddenHttpMethodFilter' to: [/*]
2018-08-23 09:23:21 INFO  org.springframework.boot.web.servlet.FilterRegistrationBean:245 - Mapping filter: 'httpPutFormContentFilter' to: [/*]
2018-08-23 09:23:21 INFO  org.springframework.boot.web.servlet.FilterRegistrationBean:245 - Mapping filter: 'requestContextFilter' to: [/*]
2018-08-23 09:23:22 INFO  org.springframework.web.servlet.handler.SimpleUrlHandlerMapping:373 - Mapped URL path [/**/favicon.ico] onto handler of type [class org.springframework.web.servlet.resource.ResourceHttpRequestHandler]
2018-08-23 09:23:23 INFO  org.springframework.web.servlet.mvc.method.annotation.RequestMappingHandlerAdapter:574 - Looking for @ControllerAdvice: org.springframework.boot.web.servlet.context.AnnotationConfigServletWebServerApplicationContext@294e5088: startup date [Thu Aug 23 09:23:18 CST 2018]; root of context hierarchy
2018-08-23 09:23:23 INFO  org.springframework.web.servlet.mvc.method.annotation.RequestMappingHandlerMapping:547 - Mapped "{[/error]}" onto public org.springframework.http.ResponseEntity<java.util.Map<java.lang.String, java.lang.Object>> org.springframework.boot.autoconfigure.web.servlet.error.BasicErrorController.error(javax.servlet.http.HttpServletRequest)
2018-08-23 09:23:23 INFO  org.springframework.web.servlet.mvc.method.annotation.RequestMappingHandlerMapping:547 - Mapped "{[/error],produces=[text/html]}" onto public org.springframework.web.servlet.ModelAndView org.springframework.boot.autoconfigure.web.servlet.error.BasicErrorController.errorHtml(javax.servlet.http.HttpServletRequest,javax.servlet.http.HttpServletResponse)
2018-08-23 09:23:23 INFO  org.springframework.web.servlet.handler.SimpleUrlHandlerMapping:373 - Mapped URL path [/webjars/**] onto handler of type [class org.springframework.web.servlet.resource.ResourceHttpRequestHandler]
2018-08-23 09:23:23 INFO  org.springframework.web.servlet.handler.SimpleUrlHandlerMapping:373 - Mapped URL path [/**] onto handler of type [class org.springframework.web.servlet.resource.ResourceHttpRequestHandler]
2018-08-23 09:23:23 WARN  org.springframework.boot.web.servlet.context.AnnotationConfigServletWebServerApplicationContext:558 - Exception encountered during context initialization - cancelling refresh attempt: org.springframework.beans.factory.BeanCreationException: Error creating bean with name 'dynamicDataSource' defined in class path resource [com/baomidou/dynamic/datasource/spring/boot/DynamicDataSourceAutoConfiguration.class]: Invocation of init method failed; nested exception is org.springframework.boot.autoconfigure.jdbc.DataSourceProperties$DataSourceBeanCreationException: Failed to determine a suitable driver class
2018-08-23 09:23:23 INFO  org.apache.catalina.core.StandardService:180 - Stopping service [Tomcat]
2018-08-23 09:23:23 INFO  org.springframework.boot.autoconfigure.logging.ConditionEvaluationReportLoggingListener:101 - 

Error starting ApplicationContext. To display the conditions report re-run your application with 'debug' enabled.
2018-08-23 09:23:23 ERROR org.springframework.boot.diagnostics.LoggingFailureAnalysisReporter:42 - 

***************************
APPLICATION FAILED TO START
***************************

Description:

Failed to configure a DataSource: 'url' attribute is not specified and no embedded datasource could be configured.

Reason: Failed to determine a suitable driver class


Action:

Consider the following:
	If you want an embedded database (H2, HSQL or Derby), please put it on the classpath.
	If you have database settings to be loaded from a particular profile you may need to activate it (no profiles are currently active).

2018-08-23 09:24:06 INFO  com.example.sureoa.SureoaWebApplication:50 - Starting SureoaWebApplication on ASZAA-D216 with PID 21368 (started by songwenjia in E:\雅典娜项目\sureoa20180822)
2018-08-23 09:24:06 INFO  com.example.sureoa.SureoaWebApplication:662 - No active profile set, falling back to default profiles: default
2018-08-23 09:24:06 INFO  org.springframework.boot.web.servlet.context.AnnotationConfigServletWebServerApplicationContext:590 - Refreshing org.springframework.boot.web.servlet.context.AnnotationConfigServletWebServerApplicationContext@767e20cf: startup date [Thu Aug 23 09:24:06 CST 2018]; root of context hierarchy
2018-08-23 09:24:07 WARN  org.mybatis.spring.mapper.ClassPathMapperScanner:166 - No MyBatis mapper was found in '[com.example.sureoa]' package. Please check your configuration.
2018-08-23 09:24:07 WARN  org.mybatis.spring.mapper.ClassPathMapperScanner:166 - No MyBatis mapper was found in '[com.example.sureoa]' package. Please check your configuration.
2018-08-23 09:24:08 ERROR org.apache.catalina.core.AprLifecycleListener:180 - An incompatible version [1.2.12] of the APR based Apache Tomcat Native library is installed, while Tomcat requires version [1.2.14]
2018-08-23 09:24:09 INFO  org.springframework.boot.web.embedded.tomcat.TomcatWebServer:91 - Tomcat initialized with port(s): 8081 (http)
2018-08-23 09:24:09 ERROR org.apache.catalina.core.AprLifecycleListener:180 - An incompatible version [1.2.12] of the APR based Apache Tomcat Native library is installed, while Tomcat requires version [1.2.14]
2018-08-23 09:24:09 INFO  org.apache.coyote.http11.Http11NioProtocol:180 - Initializing ProtocolHandler ["http-nio-8081"]
2018-08-23 09:24:09 INFO  org.apache.catalina.core.StandardService:180 - Starting service [Tomcat]
2018-08-23 09:24:09 INFO  org.apache.catalina.core.StandardEngine:180 - Starting Servlet Engine: Apache Tomcat/8.5.32
2018-08-23 09:24:09 ERROR org.apache.catalina.core.AprLifecycleListener:180 - An incompatible version [1.2.12] of the APR based Apache Tomcat Native library is installed, while Tomcat requires version [1.2.14]
2018-08-23 09:24:09 INFO  org.apache.catalina.core.ContainerBase.[Tomcat].[localhost].[/]:180 - Initializing Spring embedded WebApplicationContext
2018-08-23 09:24:09 INFO  org.springframework.web.context.ContextLoader:285 - Root WebApplicationContext: initialization completed in 2892 ms
2018-08-23 09:24:09 INFO  org.springframework.boot.web.servlet.ServletRegistrationBean:187 - Servlet dispatcherServlet mapped to [/]
2018-08-23 09:24:09 INFO  org.springframework.boot.web.servlet.FilterRegistrationBean:245 - Mapping filter: 'characterEncodingFilter' to: [/*]
2018-08-23 09:24:09 INFO  org.springframework.boot.web.servlet.FilterRegistrationBean:245 - Mapping filter: 'hiddenHttpMethodFilter' to: [/*]
2018-08-23 09:24:09 INFO  org.springframework.boot.web.servlet.FilterRegistrationBean:245 - Mapping filter: 'httpPutFormContentFilter' to: [/*]
2018-08-23 09:24:09 INFO  org.springframework.boot.web.servlet.FilterRegistrationBean:245 - Mapping filter: 'requestContextFilter' to: [/*]
2018-08-23 09:24:09 INFO  org.springframework.web.servlet.handler.SimpleUrlHandlerMapping:373 - Mapped URL path [/**/favicon.ico] onto handler of type [class org.springframework.web.servlet.resource.ResourceHttpRequestHandler]
2018-08-23 09:24:10 INFO  org.springframework.web.servlet.mvc.method.annotation.RequestMappingHandlerAdapter:574 - Looking for @ControllerAdvice: org.springframework.boot.web.servlet.context.AnnotationConfigServletWebServerApplicationContext@767e20cf: startup date [Thu Aug 23 09:24:06 CST 2018]; root of context hierarchy
2018-08-23 09:24:10 INFO  org.springframework.web.servlet.mvc.method.annotation.RequestMappingHandlerMapping:547 - Mapped "{[/error]}" onto public org.springframework.http.ResponseEntity<java.util.Map<java.lang.String, java.lang.Object>> org.springframework.boot.autoconfigure.web.servlet.error.BasicErrorController.error(javax.servlet.http.HttpServletRequest)
2018-08-23 09:24:10 INFO  org.springframework.web.servlet.mvc.method.annotation.RequestMappingHandlerMapping:547 - Mapped "{[/error],produces=[text/html]}" onto public org.springframework.web.servlet.ModelAndView org.springframework.boot.autoconfigure.web.servlet.error.BasicErrorController.errorHtml(javax.servlet.http.HttpServletRequest,javax.servlet.http.HttpServletResponse)
2018-08-23 09:24:10 INFO  org.springframework.web.servlet.handler.SimpleUrlHandlerMapping:373 - Mapped URL path [/webjars/**] onto handler of type [class org.springframework.web.servlet.resource.ResourceHttpRequestHandler]
2018-08-23 09:24:10 INFO  org.springframework.web.servlet.handler.SimpleUrlHandlerMapping:373 - Mapped URL path [/**] onto handler of type [class org.springframework.web.servlet.resource.ResourceHttpRequestHandler]
2018-08-23 09:24:10 WARN  org.springframework.boot.web.servlet.context.AnnotationConfigServletWebServerApplicationContext:558 - Exception encountered during context initialization - cancelling refresh attempt: org.springframework.beans.factory.BeanCreationException: Error creating bean with name 'dynamicDataSource' defined in class path resource [com/baomidou/dynamic/datasource/spring/boot/DynamicDataSourceAutoConfiguration.class]: Invocation of init method failed; nested exception is org.springframework.boot.autoconfigure.jdbc.DataSourceProperties$DataSourceBeanCreationException: Failed to determine a suitable driver class
2018-08-23 09:24:10 INFO  org.apache.catalina.core.StandardService:180 - Stopping service [Tomcat]
2018-08-23 09:24:10 INFO  org.springframework.boot.autoconfigure.logging.ConditionEvaluationReportLoggingListener:101 - 

Error starting ApplicationContext. To display the conditions report re-run your application with 'debug' enabled.
2018-08-23 09:24:10 ERROR org.springframework.boot.diagnostics.LoggingFailureAnalysisReporter:42 - 

***************************
APPLICATION FAILED TO START
***************************

Description:

Failed to configure a DataSource: 'url' attribute is not specified and no embedded datasource could be configured.

Reason: Failed to determine a suitable driver class


Action:

Consider the following:
	If you want an embedded database (H2, HSQL or Derby), please put it on the classpath.
	If you have database settings to be loaded from a particular profile you may need to activate it (no profiles are currently active).

2018-08-23 09:33:39 INFO  com.example.sureoa.SureoaWebApplication:50 - Starting SureoaWebApplication on ASZAA-D216 with PID 43036 (started by songwenjia in E:\雅典娜项目\sureoa20180822)
2018-08-23 09:33:39 INFO  com.example.sureoa.SureoaWebApplication:662 - No active profile set, falling back to default profiles: default
2018-08-23 09:33:40 INFO  org.springframework.boot.web.servlet.context.AnnotationConfigServletWebServerApplicationContext:590 - Refreshing org.springframework.boot.web.servlet.context.AnnotationConfigServletWebServerApplicationContext@65fe9e33: startup date [Thu Aug 23 09:33:40 CST 2018]; root of context hierarchy
2018-08-23 09:33:41 WARN  org.mybatis.spring.mapper.ClassPathMapperScanner:166 - No MyBatis mapper was found in '[com.example.sureoa]' package. Please check your configuration.
2018-08-23 09:33:41 WARN  org.mybatis.spring.mapper.ClassPathMapperScanner:166 - No MyBatis mapper was found in '[com.example.sureoa]' package. Please check your configuration.
2018-08-23 09:33:42 ERROR org.apache.catalina.core.AprLifecycleListener:180 - An incompatible version [1.2.12] of the APR based Apache Tomcat Native library is installed, while Tomcat requires version [1.2.14]
2018-08-23 09:33:42 INFO  org.springframework.boot.web.embedded.tomcat.TomcatWebServer:91 - Tomcat initialized with port(s): 8081 (http)
2018-08-23 09:33:42 ERROR org.apache.catalina.core.AprLifecycleListener:180 - An incompatible version [1.2.12] of the APR based Apache Tomcat Native library is installed, while Tomcat requires version [1.2.14]
2018-08-23 09:33:42 INFO  org.apache.coyote.http11.Http11NioProtocol:180 - Initializing ProtocolHandler ["http-nio-8081"]
2018-08-23 09:33:42 INFO  org.apache.catalina.core.StandardService:180 - Starting service [Tomcat]
2018-08-23 09:33:42 INFO  org.apache.catalina.core.StandardEngine:180 - Starting Servlet Engine: Apache Tomcat/8.5.32
2018-08-23 09:33:42 ERROR org.apache.catalina.core.AprLifecycleListener:180 - An incompatible version [1.2.12] of the APR based Apache Tomcat Native library is installed, while Tomcat requires version [1.2.14]
2018-08-23 09:33:42 INFO  org.apache.catalina.core.ContainerBase.[Tomcat].[localhost].[/]:180 - Initializing Spring embedded WebApplicationContext
2018-08-23 09:33:42 INFO  org.springframework.web.context.ContextLoader:285 - Root WebApplicationContext: initialization completed in 2702 ms
2018-08-23 09:33:42 INFO  org.springframework.boot.web.servlet.ServletRegistrationBean:187 - Servlet dispatcherServlet mapped to [/]
2018-08-23 09:33:43 INFO  org.springframework.boot.web.servlet.ServletRegistrationBean:187 - Servlet statViewServlet mapped to [/druid/*]
2018-08-23 09:33:43 INFO  org.springframework.boot.web.servlet.FilterRegistrationBean:245 - Mapping filter: 'characterEncodingFilter' to: [/*]
2018-08-23 09:33:43 INFO  org.springframework.boot.web.servlet.FilterRegistrationBean:245 - Mapping filter: 'hiddenHttpMethodFilter' to: [/*]
2018-08-23 09:33:43 INFO  org.springframework.boot.web.servlet.FilterRegistrationBean:245 - Mapping filter: 'httpPutFormContentFilter' to: [/*]
2018-08-23 09:33:43 INFO  org.springframework.boot.web.servlet.FilterRegistrationBean:245 - Mapping filter: 'requestContextFilter' to: [/*]
2018-08-23 09:33:43 INFO  org.springframework.boot.web.servlet.FilterRegistrationBean:258 - Mapping filter: 'webStatFilter' to urls: [/*]
2018-08-23 09:33:43 INFO  org.springframework.web.servlet.handler.SimpleUrlHandlerMapping:373 - Mapped URL path [/**/favicon.ico] onto handler of type [class org.springframework.web.servlet.resource.ResourceHttpRequestHandler]
2018-08-23 09:33:43 INFO  org.springframework.web.servlet.mvc.method.annotation.RequestMappingHandlerAdapter:574 - Looking for @ControllerAdvice: org.springframework.boot.web.servlet.context.AnnotationConfigServletWebServerApplicationContext@65fe9e33: startup date [Thu Aug 23 09:33:40 CST 2018]; root of context hierarchy
2018-08-23 09:33:43 INFO  org.springframework.web.servlet.mvc.method.annotation.RequestMappingHandlerMapping:547 - Mapped "{[/error]}" onto public org.springframework.http.ResponseEntity<java.util.Map<java.lang.String, java.lang.Object>> org.springframework.boot.autoconfigure.web.servlet.error.BasicErrorController.error(javax.servlet.http.HttpServletRequest)
2018-08-23 09:33:43 INFO  org.springframework.web.servlet.mvc.method.annotation.RequestMappingHandlerMapping:547 - Mapped "{[/error],produces=[text/html]}" onto public org.springframework.web.servlet.ModelAndView org.springframework.boot.autoconfigure.web.servlet.error.BasicErrorController.errorHtml(javax.servlet.http.HttpServletRequest,javax.servlet.http.HttpServletResponse)
2018-08-23 09:33:44 INFO  org.springframework.web.servlet.handler.SimpleUrlHandlerMapping:373 - Mapped URL path [/webjars/**] onto handler of type [class org.springframework.web.servlet.resource.ResourceHttpRequestHandler]
2018-08-23 09:33:44 INFO  org.springframework.web.servlet.handler.SimpleUrlHandlerMapping:373 - Mapped URL path [/**] onto handler of type [class org.springframework.web.servlet.resource.ResourceHttpRequestHandler]
2018-08-23 09:33:44 INFO  com.alibaba.druid.spring.boot.autoconfigure.DruidDataSourceAutoConfigure:56 - Init DruidDataSource
2018-08-23 09:33:44 WARN  com.alibaba.druid.pool.DruidAbstractDataSource:1176 - oracle.jdbc.driver.OracleDriver is deprecated.Having use oracle.jdbc.OracleDriver.
2018-08-23 09:33:44 INFO  com.alibaba.druid.pool.DruidDataSource:930 - {dataSource-1} inited
2018-08-23 09:33:44 ERROR com.alibaba.druid.pool.DruidDataSource:910 - {dataSource-2} init error
java.lang.IllegalStateException: dbType not support : null, url null
	at com.alibaba.druid.wall.WallFilter.init(WallFilter.java:159)
	at com.alibaba.druid.pool.DruidDataSource.init(DruidDataSource.java:762)
	at com.baomidou.dynamic.datasource.AbstractDynamicDataSourceProvider.createDruidDataSource(AbstractDynamicDataSourceProvider.java:91)
	at com.baomidou.dynamic.datasource.AbstractDynamicDataSourceProvider.createDataSource(AbstractDynamicDataSourceProvider.java:40)
	at com.baomidou.dynamic.datasource.YmlDynamicDataSourceProvider.loadMasterDataSource(YmlDynamicDataSourceProvider.java:38)
	at com.baomidou.dynamic.datasource.DynamicRoutingDataSource.afterPropertiesSet(DynamicRoutingDataSource.java:56)
	at org.springframework.beans.factory.support.AbstractAutowireCapableBeanFactory.invokeInitMethods(AbstractAutowireCapableBeanFactory.java:1758)
	at org.springframework.beans.factory.support.AbstractAutowireCapableBeanFactory.initializeBean(AbstractAutowireCapableBeanFactory.java:1695)
	at org.springframework.beans.factory.support.AbstractAutowireCapableBeanFactory.doCreateBean(AbstractAutowireCapableBeanFactory.java:573)
	at org.springframework.beans.factory.support.AbstractAutowireCapableBeanFactory.createBean(AbstractAutowireCapableBeanFactory.java:495)
	at org.springframework.beans.factory.support.AbstractBeanFactory.lambda$doGetBean$0(AbstractBeanFactory.java:317)
	at org.springframework.beans.factory.support.DefaultSingletonBeanRegistry.getSingleton(DefaultSingletonBeanRegistry.java:222)
	at org.springframework.beans.factory.support.AbstractBeanFactory.doGetBean(AbstractBeanFactory.java:315)
	at org.springframework.beans.factory.support.AbstractBeanFactory.getBean(AbstractBeanFactory.java:199)
	at org.springframework.beans.factory.support.DefaultListableBeanFactory.preInstantiateSingletons(DefaultListableBeanFactory.java:759)
	at org.springframework.context.support.AbstractApplicationContext.finishBeanFactoryInitialization(AbstractApplicationContext.java:869)
	at org.springframework.context.support.AbstractApplicationContext.refresh(AbstractApplicationContext.java:550)
	at org.springframework.boot.web.servlet.context.ServletWebServerApplicationContext.refresh(ServletWebServerApplicationContext.java:140)
	at org.springframework.boot.SpringApplication.refresh(SpringApplication.java:762)
	at org.springframework.boot.SpringApplication.refreshContext(SpringApplication.java:398)
	at org.springframework.boot.SpringApplication.run(SpringApplication.java:330)
	at org.springframework.boot.SpringApplication.run(SpringApplication.java:1258)
	at org.springframework.boot.SpringApplication.run(SpringApplication.java:1246)
	at com.example.sureoa.SureoaWebApplication.main(SureoaWebApplication.java:12)
2018-08-23 09:33:44 WARN  org.springframework.boot.web.servlet.context.AnnotationConfigServletWebServerApplicationContext:558 - Exception encountered during context initialization - cancelling refresh attempt: org.springframework.beans.factory.BeanCreationException: Error creating bean with name 'dynamicDataSource' defined in class path resource [com/baomidou/dynamic/datasource/spring/boot/DynamicDataSourceAutoConfiguration.class]: Invocation of init method failed; nested exception is java.lang.IllegalStateException: dbType not support : null, url null
2018-08-23 09:33:44 INFO  com.alibaba.druid.pool.DruidDataSource:1825 - {dataSource-1} closed
2018-08-23 09:33:44 INFO  org.apache.catalina.core.StandardService:180 - Stopping service [Tomcat]
2018-08-23 09:33:44 INFO  org.springframework.boot.autoconfigure.logging.ConditionEvaluationReportLoggingListener:101 - 

Error starting ApplicationContext. To display the conditions report re-run your application with 'debug' enabled.
2018-08-23 09:33:44 ERROR org.springframework.boot.SpringApplication:845 - Application run failed
org.springframework.beans.factory.BeanCreationException: Error creating bean with name 'dynamicDataSource' defined in class path resource [com/baomidou/dynamic/datasource/spring/boot/DynamicDataSourceAutoConfiguration.class]: Invocation of init method failed; nested exception is java.lang.IllegalStateException: dbType not support : null, url null
	at org.springframework.beans.factory.support.AbstractAutowireCapableBeanFactory.initializeBean(AbstractAutowireCapableBeanFactory.java:1699)
	at org.springframework.beans.factory.support.AbstractAutowireCapableBeanFactory.doCreateBean(AbstractAutowireCapableBeanFactory.java:573)
	at org.springframework.beans.factory.support.AbstractAutowireCapableBeanFactory.createBean(AbstractAutowireCapableBeanFactory.java:495)
	at org.springframework.beans.factory.support.AbstractBeanFactory.lambda$doGetBean$0(AbstractBeanFactory.java:317)
	at org.springframework.beans.factory.support.DefaultSingletonBeanRegistry.getSingleton(DefaultSingletonBeanRegistry.java:222)
	at org.springframework.beans.factory.support.AbstractBeanFactory.doGetBean(AbstractBeanFactory.java:315)
	at org.springframework.beans.factory.support.AbstractBeanFactory.getBean(AbstractBeanFactory.java:199)
	at org.springframework.beans.factory.support.DefaultListableBeanFactory.preInstantiateSingletons(DefaultListableBeanFactory.java:759)
	at org.springframework.context.support.AbstractApplicationContext.finishBeanFactoryInitialization(AbstractApplicationContext.java:869)
	at org.springframework.context.support.AbstractApplicationContext.refresh(AbstractApplicationContext.java:550)
	at org.springframework.boot.web.servlet.context.ServletWebServerApplicationContext.refresh(ServletWebServerApplicationContext.java:140)
	at org.springframework.boot.SpringApplication.refresh(SpringApplication.java:762)
	at org.springframework.boot.SpringApplication.refreshContext(SpringApplication.java:398)
	at org.springframework.boot.SpringApplication.run(SpringApplication.java:330)
	at org.springframework.boot.SpringApplication.run(SpringApplication.java:1258)
	at org.springframework.boot.SpringApplication.run(SpringApplication.java:1246)
	at com.example.sureoa.SureoaWebApplication.main(SureoaWebApplication.java:12)
Caused by: java.lang.IllegalStateException: dbType not support : null, url null
	at com.alibaba.druid.wall.WallFilter.init(WallFilter.java:159)
	at com.alibaba.druid.pool.DruidDataSource.init(DruidDataSource.java:762)
	at com.baomidou.dynamic.datasource.AbstractDynamicDataSourceProvider.createDruidDataSource(AbstractDynamicDataSourceProvider.java:91)
	at com.baomidou.dynamic.datasource.AbstractDynamicDataSourceProvider.createDataSource(AbstractDynamicDataSourceProvider.java:40)
	at com.baomidou.dynamic.datasource.YmlDynamicDataSourceProvider.loadMasterDataSource(YmlDynamicDataSourceProvider.java:38)
	at com.baomidou.dynamic.datasource.DynamicRoutingDataSource.afterPropertiesSet(DynamicRoutingDataSource.java:56)
	at org.springframework.beans.factory.support.AbstractAutowireCapableBeanFactory.invokeInitMethods(AbstractAutowireCapableBeanFactory.java:1758)
	at org.springframework.beans.factory.support.AbstractAutowireCapableBeanFactory.initializeBean(AbstractAutowireCapableBeanFactory.java:1695)
	... 16 common frames omitted
2018-08-23 09:37:53 INFO  com.example.sureoa.SureoaWebApplication:50 - Starting SureoaWebApplication on ASZAA-D216 with PID 14388 (started by songwenjia in E:\雅典娜项目\sureoa20180822)
2018-08-23 09:37:53 INFO  com.example.sureoa.SureoaWebApplication:662 - No active profile set, falling back to default profiles: default
2018-08-23 09:37:53 INFO  org.springframework.boot.web.servlet.context.AnnotationConfigServletWebServerApplicationContext:590 - Refreshing org.springframework.boot.web.servlet.context.AnnotationConfigServletWebServerApplicationContext@42463763: startup date [Thu Aug 23 09:37:53 CST 2018]; root of context hierarchy
2018-08-23 09:37:54 WARN  org.mybatis.spring.mapper.ClassPathMapperScanner:166 - No MyBatis mapper was found in '[com.example.sureoa]' package. Please check your configuration.
2018-08-23 09:37:54 WARN  org.mybatis.spring.mapper.ClassPathMapperScanner:166 - No MyBatis mapper was found in '[com.example.sureoa]' package. Please check your configuration.
2018-08-23 09:37:55 ERROR org.apache.catalina.core.AprLifecycleListener:180 - An incompatible version [1.2.12] of the APR based Apache Tomcat Native library is installed, while Tomcat requires version [1.2.14]
2018-08-23 09:37:55 INFO  org.springframework.boot.web.embedded.tomcat.TomcatWebServer:91 - Tomcat initialized with port(s): 8081 (http)
2018-08-23 09:37:55 ERROR org.apache.catalina.core.AprLifecycleListener:180 - An incompatible version [1.2.12] of the APR based Apache Tomcat Native library is installed, while Tomcat requires version [1.2.14]
2018-08-23 09:37:55 INFO  org.apache.coyote.http11.Http11NioProtocol:180 - Initializing ProtocolHandler ["http-nio-8081"]
2018-08-23 09:37:55 INFO  org.apache.catalina.core.StandardService:180 - Starting service [Tomcat]
2018-08-23 09:37:55 INFO  org.apache.catalina.core.StandardEngine:180 - Starting Servlet Engine: Apache Tomcat/8.5.32
2018-08-23 09:37:56 ERROR org.apache.catalina.core.AprLifecycleListener:180 - An incompatible version [1.2.12] of the APR based Apache Tomcat Native library is installed, while Tomcat requires version [1.2.14]
2018-08-23 09:37:56 INFO  org.apache.catalina.core.ContainerBase.[Tomcat].[localhost].[/]:180 - Initializing Spring embedded WebApplicationContext
2018-08-23 09:37:56 INFO  org.springframework.web.context.ContextLoader:285 - Root WebApplicationContext: initialization completed in 2927 ms
2018-08-23 09:37:56 INFO  org.springframework.boot.web.servlet.ServletRegistrationBean:187 - Servlet dispatcherServlet mapped to [/]
2018-08-23 09:37:56 INFO  org.springframework.boot.web.servlet.ServletRegistrationBean:187 - Servlet statViewServlet mapped to [/druid/*]
2018-08-23 09:37:56 INFO  org.springframework.boot.web.servlet.FilterRegistrationBean:245 - Mapping filter: 'characterEncodingFilter' to: [/*]
2018-08-23 09:37:56 INFO  org.springframework.boot.web.servlet.FilterRegistrationBean:245 - Mapping filter: 'hiddenHttpMethodFilter' to: [/*]
2018-08-23 09:37:56 INFO  org.springframework.boot.web.servlet.FilterRegistrationBean:245 - Mapping filter: 'httpPutFormContentFilter' to: [/*]
2018-08-23 09:37:56 INFO  org.springframework.boot.web.servlet.FilterRegistrationBean:245 - Mapping filter: 'requestContextFilter' to: [/*]
2018-08-23 09:37:56 INFO  org.springframework.boot.web.servlet.FilterRegistrationBean:258 - Mapping filter: 'webStatFilter' to urls: [/*]
2018-08-23 09:37:56 INFO  org.springframework.web.servlet.handler.SimpleUrlHandlerMapping:373 - Mapped URL path [/**/favicon.ico] onto handler of type [class org.springframework.web.servlet.resource.ResourceHttpRequestHandler]
2018-08-23 09:37:56 INFO  org.springframework.web.servlet.mvc.method.annotation.RequestMappingHandlerAdapter:574 - Looking for @ControllerAdvice: org.springframework.boot.web.servlet.context.AnnotationConfigServletWebServerApplicationContext@42463763: startup date [Thu Aug 23 09:37:53 CST 2018]; root of context hierarchy
2018-08-23 09:37:57 INFO  org.springframework.web.servlet.mvc.method.annotation.RequestMappingHandlerMapping:547 - Mapped "{[/error]}" onto public org.springframework.http.ResponseEntity<java.util.Map<java.lang.String, java.lang.Object>> org.springframework.boot.autoconfigure.web.servlet.error.BasicErrorController.error(javax.servlet.http.HttpServletRequest)
2018-08-23 09:37:57 INFO  org.springframework.web.servlet.mvc.method.annotation.RequestMappingHandlerMapping:547 - Mapped "{[/error],produces=[text/html]}" onto public org.springframework.web.servlet.ModelAndView org.springframework.boot.autoconfigure.web.servlet.error.BasicErrorController.errorHtml(javax.servlet.http.HttpServletRequest,javax.servlet.http.HttpServletResponse)
2018-08-23 09:37:57 INFO  org.springframework.web.servlet.handler.SimpleUrlHandlerMapping:373 - Mapped URL path [/webjars/**] onto handler of type [class org.springframework.web.servlet.resource.ResourceHttpRequestHandler]
2018-08-23 09:37:57 INFO  org.springframework.web.servlet.handler.SimpleUrlHandlerMapping:373 - Mapped URL path [/**] onto handler of type [class org.springframework.web.servlet.resource.ResourceHttpRequestHandler]
2018-08-23 09:37:57 INFO  com.alibaba.druid.spring.boot.autoconfigure.DruidDataSourceAutoConfigure:56 - Init DruidDataSource
2018-08-23 09:37:57 WARN  com.alibaba.druid.pool.DruidAbstractDataSource:1176 - oracle.jdbc.driver.OracleDriver is deprecated.Having use oracle.jdbc.OracleDriver.
2018-08-23 09:37:57 ERROR com.alibaba.druid.pool.DruidDataSource:905 - {dataSource-1} init error
java.sql.SQLException: oracle.jdbc.OracleDriver
	at com.alibaba.druid.util.JdbcUtils.createDriver(JdbcUtils.java:600)
	at com.alibaba.druid.pool.DruidDataSource.init(DruidDataSource.java:817)
	at sun.reflect.NativeMethodAccessorImpl.invoke0(Native Method)
	at sun.reflect.NativeMethodAccessorImpl.invoke(NativeMethodAccessorImpl.java:62)
	at sun.reflect.DelegatingMethodAccessorImpl.invoke(DelegatingMethodAccessorImpl.java:43)
	at java.lang.reflect.Method.invoke(Method.java:498)
	at org.springframework.beans.factory.support.AbstractAutowireCapableBeanFactory.invokeCustomInitMethod(AbstractAutowireCapableBeanFactory.java:1824)
	at org.springframework.beans.factory.support.AbstractAutowireCapableBeanFactory.invokeInitMethods(AbstractAutowireCapableBeanFactory.java:1767)
	at org.springframework.beans.factory.support.AbstractAutowireCapableBeanFactory.initializeBean(AbstractAutowireCapableBeanFactory.java:1695)
	at org.springframework.beans.factory.support.AbstractAutowireCapableBeanFactory.doCreateBean(AbstractAutowireCapableBeanFactory.java:573)
	at org.springframework.beans.factory.support.AbstractAutowireCapableBeanFactory.createBean(AbstractAutowireCapableBeanFactory.java:495)
	at org.springframework.beans.factory.support.AbstractBeanFactory.lambda$doGetBean$0(AbstractBeanFactory.java:317)
	at org.springframework.beans.factory.support.DefaultSingletonBeanRegistry.getSingleton(DefaultSingletonBeanRegistry.java:222)
	at org.springframework.beans.factory.support.AbstractBeanFactory.doGetBean(AbstractBeanFactory.java:315)
	at org.springframework.beans.factory.support.AbstractBeanFactory.getBean(AbstractBeanFactory.java:199)
	at org.springframework.beans.factory.support.DefaultListableBeanFactory.preInstantiateSingletons(DefaultListableBeanFactory.java:759)
	at org.springframework.context.support.AbstractApplicationContext.finishBeanFactoryInitialization(AbstractApplicationContext.java:869)
	at org.springframework.context.support.AbstractApplicationContext.refresh(AbstractApplicationContext.java:550)
	at org.springframework.boot.web.servlet.context.ServletWebServerApplicationContext.refresh(ServletWebServerApplicationContext.java:140)
	at org.springframework.boot.SpringApplication.refresh(SpringApplication.java:762)
	at org.springframework.boot.SpringApplication.refreshContext(SpringApplication.java:398)
	at org.springframework.boot.SpringApplication.run(SpringApplication.java:330)
	at org.springframework.boot.SpringApplication.run(SpringApplication.java:1258)
	at org.springframework.boot.SpringApplication.run(SpringApplication.java:1246)
	at com.example.sureoa.SureoaWebApplication.main(SureoaWebApplication.java:12)
Caused by: java.lang.ClassNotFoundException: oracle.jdbc.OracleDriver
	at java.net.URLClassLoader.findClass(URLClassLoader.java:381)
	at java.lang.ClassLoader.loadClass(ClassLoader.java:424)
	at sun.misc.Launcher$AppClassLoader.loadClass(Launcher.java:335)
	at java.lang.ClassLoader.loadClass(ClassLoader.java:357)
	at java.lang.Class.forName0(Native Method)
	at java.lang.Class.forName(Class.java:264)
	at com.alibaba.druid.util.JdbcUtils.createDriver(JdbcUtils.java:598)
	... 24 common frames omitted
2018-08-23 09:37:57 WARN  org.springframework.boot.web.servlet.context.AnnotationConfigServletWebServerApplicationContext:558 - Exception encountered during context initialization - cancelling refresh attempt: org.springframework.beans.factory.BeanCreationException: Error creating bean with name 'dataSource' defined in class path resource [com/alibaba/druid/spring/boot/autoconfigure/DruidDataSourceAutoConfigure.class]: Invocation of init method failed; nested exception is java.sql.SQLException: oracle.jdbc.OracleDriver
2018-08-23 09:37:57 INFO  org.apache.catalina.core.StandardService:180 - Stopping service [Tomcat]
2018-08-23 09:37:58 INFO  org.springframework.boot.autoconfigure.logging.ConditionEvaluationReportLoggingListener:101 - 

Error starting ApplicationContext. To display the conditions report re-run your application with 'debug' enabled.
2018-08-23 09:37:58 ERROR org.springframework.boot.SpringApplication:845 - Application run failed
org.springframework.beans.factory.BeanCreationException: Error creating bean with name 'dataSource' defined in class path resource [com/alibaba/druid/spring/boot/autoconfigure/DruidDataSourceAutoConfigure.class]: Invocation of init method failed; nested exception is java.sql.SQLException: oracle.jdbc.OracleDriver
	at org.springframework.beans.factory.support.AbstractAutowireCapableBeanFactory.initializeBean(AbstractAutowireCapableBeanFactory.java:1699)
	at org.springframework.beans.factory.support.AbstractAutowireCapableBeanFactory.doCreateBean(AbstractAutowireCapableBeanFactory.java:573)
	at org.springframework.beans.factory.support.AbstractAutowireCapableBeanFactory.createBean(AbstractAutowireCapableBeanFactory.java:495)
	at org.springframework.beans.factory.support.AbstractBeanFactory.lambda$doGetBean$0(AbstractBeanFactory.java:317)
	at org.springframework.beans.factory.support.DefaultSingletonBeanRegistry.getSingleton(DefaultSingletonBeanRegistry.java:222)
	at org.springframework.beans.factory.support.AbstractBeanFactory.doGetBean(AbstractBeanFactory.java:315)
	at org.springframework.beans.factory.support.AbstractBeanFactory.getBean(AbstractBeanFactory.java:199)
	at org.springframework.beans.factory.support.DefaultListableBeanFactory.preInstantiateSingletons(DefaultListableBeanFactory.java:759)
	at org.springframework.context.support.AbstractApplicationContext.finishBeanFactoryInitialization(AbstractApplicationContext.java:869)
	at org.springframework.context.support.AbstractApplicationContext.refresh(AbstractApplicationContext.java:550)
	at org.springframework.boot.web.servlet.context.ServletWebServerApplicationContext.refresh(ServletWebServerApplicationContext.java:140)
	at org.springframework.boot.SpringApplication.refresh(SpringApplication.java:762)
	at org.springframework.boot.SpringApplication.refreshContext(SpringApplication.java:398)
	at org.springframework.boot.SpringApplication.run(SpringApplication.java:330)
	at org.springframework.boot.SpringApplication.run(SpringApplication.java:1258)
	at org.springframework.boot.SpringApplication.run(SpringApplication.java:1246)
	at com.example.sureoa.SureoaWebApplication.main(SureoaWebApplication.java:12)
Caused by: java.sql.SQLException: oracle.jdbc.OracleDriver
	at com.alibaba.druid.util.JdbcUtils.createDriver(JdbcUtils.java:600)
	at com.alibaba.druid.pool.DruidDataSource.init(DruidDataSource.java:817)
	at sun.reflect.NativeMethodAccessorImpl.invoke0(Native Method)
	at sun.reflect.NativeMethodAccessorImpl.invoke(NativeMethodAccessorImpl.java:62)
	at sun.reflect.DelegatingMethodAccessorImpl.invoke(DelegatingMethodAccessorImpl.java:43)
	at java.lang.reflect.Method.invoke(Method.java:498)
	at org.springframework.beans.factory.support.AbstractAutowireCapableBeanFactory.invokeCustomInitMethod(AbstractAutowireCapableBeanFactory.java:1824)
	at org.springframework.beans.factory.support.AbstractAutowireCapableBeanFactory.invokeInitMethods(AbstractAutowireCapableBeanFactory.java:1767)
	at org.springframework.beans.factory.support.AbstractAutowireCapableBeanFactory.initializeBean(AbstractAutowireCapableBeanFactory.java:1695)
	... 16 common frames omitted
Caused by: java.lang.ClassNotFoundException: oracle.jdbc.OracleDriver
	at java.net.URLClassLoader.findClass(URLClassLoader.java:381)
	at java.lang.ClassLoader.loadClass(ClassLoader.java:424)
	at sun.misc.Launcher$AppClassLoader.loadClass(Launcher.java:335)
	at java.lang.ClassLoader.loadClass(ClassLoader.java:357)
	at java.lang.Class.forName0(Native Method)
	at java.lang.Class.forName(Class.java:264)
	at com.alibaba.druid.util.JdbcUtils.createDriver(JdbcUtils.java:598)
	... 24 common frames omitted
2018-08-23 09:55:43 INFO  com.example.sureoa.SureoaWebApplication:50 - Starting SureoaWebApplication on ASZAA-D216 with PID 23688 (started by songwenjia in E:\雅典娜项目\sureoa20180822)
2018-08-23 09:55:43 INFO  com.example.sureoa.SureoaWebApplication:662 - No active profile set, falling back to default profiles: default
2018-08-23 09:55:43 INFO  org.springframework.boot.web.servlet.context.AnnotationConfigServletWebServerApplicationContext:590 - Refreshing org.springframework.boot.web.servlet.context.AnnotationConfigServletWebServerApplicationContext@79c7532f: startup date [Thu Aug 23 09:55:43 CST 2018]; root of context hierarchy
2018-08-23 09:55:44 WARN  org.mybatis.spring.mapper.ClassPathMapperScanner:166 - No MyBatis mapper was found in '[com.example.sureoa]' package. Please check your configuration.
2018-08-23 09:55:44 WARN  org.mybatis.spring.mapper.ClassPathMapperScanner:166 - No MyBatis mapper was found in '[com.example.sureoa]' package. Please check your configuration.
2018-08-23 09:55:45 ERROR org.apache.catalina.core.AprLifecycleListener:180 - An incompatible version [1.2.12] of the APR based Apache Tomcat Native library is installed, while Tomcat requires version [1.2.14]
2018-08-23 09:55:46 INFO  org.springframework.boot.web.embedded.tomcat.TomcatWebServer:91 - Tomcat initialized with port(s): 8081 (http)
2018-08-23 09:55:46 ERROR org.apache.catalina.core.AprLifecycleListener:180 - An incompatible version [1.2.12] of the APR based Apache Tomcat Native library is installed, while Tomcat requires version [1.2.14]
2018-08-23 09:55:46 INFO  org.apache.coyote.http11.Http11NioProtocol:180 - Initializing ProtocolHandler ["http-nio-8081"]
2018-08-23 09:55:46 INFO  org.apache.catalina.core.StandardService:180 - Starting service [Tomcat]
2018-08-23 09:55:46 INFO  org.apache.catalina.core.StandardEngine:180 - Starting Servlet Engine: Apache Tomcat/8.5.32
2018-08-23 09:55:46 ERROR org.apache.catalina.core.AprLifecycleListener:180 - An incompatible version [1.2.12] of the APR based Apache Tomcat Native library is installed, while Tomcat requires version [1.2.14]
2018-08-23 09:55:46 INFO  org.apache.catalina.core.ContainerBase.[Tomcat].[localhost].[/]:180 - Initializing Spring embedded WebApplicationContext
2018-08-23 09:55:46 INFO  org.springframework.web.context.ContextLoader:285 - Root WebApplicationContext: initialization completed in 2653 ms
2018-08-23 09:55:46 INFO  org.springframework.boot.web.servlet.ServletRegistrationBean:187 - Servlet dispatcherServlet mapped to [/]
2018-08-23 09:55:46 INFO  org.springframework.boot.web.servlet.ServletRegistrationBean:187 - Servlet statViewServlet mapped to [/druid/*]
2018-08-23 09:55:46 INFO  org.springframework.boot.web.servlet.FilterRegistrationBean:245 - Mapping filter: 'characterEncodingFilter' to: [/*]
2018-08-23 09:55:46 INFO  org.springframework.boot.web.servlet.FilterRegistrationBean:245 - Mapping filter: 'hiddenHttpMethodFilter' to: [/*]
2018-08-23 09:55:46 INFO  org.springframework.boot.web.servlet.FilterRegistrationBean:245 - Mapping filter: 'httpPutFormContentFilter' to: [/*]
2018-08-23 09:55:46 INFO  org.springframework.boot.web.servlet.FilterRegistrationBean:245 - Mapping filter: 'requestContextFilter' to: [/*]
2018-08-23 09:55:46 INFO  org.springframework.boot.web.servlet.FilterRegistrationBean:258 - Mapping filter: 'webStatFilter' to urls: [/*]
2018-08-23 09:55:46 INFO  org.springframework.web.servlet.handler.SimpleUrlHandlerMapping:373 - Mapped URL path [/**/favicon.ico] onto handler of type [class org.springframework.web.servlet.resource.ResourceHttpRequestHandler]
2018-08-23 09:55:47 INFO  org.springframework.web.servlet.mvc.method.annotation.RequestMappingHandlerAdapter:574 - Looking for @ControllerAdvice: org.springframework.boot.web.servlet.context.AnnotationConfigServletWebServerApplicationContext@79c7532f: startup date [Thu Aug 23 09:55:43 CST 2018]; root of context hierarchy
2018-08-23 09:55:47 INFO  org.springframework.web.servlet.mvc.method.annotation.RequestMappingHandlerMapping:547 - Mapped "{[/error]}" onto public org.springframework.http.ResponseEntity<java.util.Map<java.lang.String, java.lang.Object>> org.springframework.boot.autoconfigure.web.servlet.error.BasicErrorController.error(javax.servlet.http.HttpServletRequest)
2018-08-23 09:55:47 INFO  org.springframework.web.servlet.mvc.method.annotation.RequestMappingHandlerMapping:547 - Mapped "{[/error],produces=[text/html]}" onto public org.springframework.web.servlet.ModelAndView org.springframework.boot.autoconfigure.web.servlet.error.BasicErrorController.errorHtml(javax.servlet.http.HttpServletRequest,javax.servlet.http.HttpServletResponse)
2018-08-23 09:55:47 INFO  org.springframework.web.servlet.handler.SimpleUrlHandlerMapping:373 - Mapped URL path [/webjars/**] onto handler of type [class org.springframework.web.servlet.resource.ResourceHttpRequestHandler]
2018-08-23 09:55:47 INFO  org.springframework.web.servlet.handler.SimpleUrlHandlerMapping:373 - Mapped URL path [/**] onto handler of type [class org.springframework.web.servlet.resource.ResourceHttpRequestHandler]
2018-08-23 09:55:47 INFO  com.alibaba.druid.spring.boot.autoconfigure.DruidDataSourceAutoConfigure:56 - Init DruidDataSource
2018-08-23 09:55:47 WARN  org.springframework.boot.web.servlet.context.AnnotationConfigServletWebServerApplicationContext:558 - Exception encountered during context initialization - cancelling refresh attempt: org.springframework.beans.factory.BeanCreationException: Error creating bean with name 'dataSource' defined in class path resource [com/alibaba/druid/spring/boot/autoconfigure/DruidDataSourceAutoConfigure.class]: Invocation of init method failed; nested exception is org.springframework.boot.autoconfigure.jdbc.DataSourceProperties$DataSourceBeanCreationException: Failed to determine a suitable driver class
2018-08-23 09:55:47 INFO  org.apache.catalina.core.StandardService:180 - Stopping service [Tomcat]
2018-08-23 09:55:48 INFO  org.springframework.boot.autoconfigure.logging.ConditionEvaluationReportLoggingListener:101 - 

Error starting ApplicationContext. To display the conditions report re-run your application with 'debug' enabled.
2018-08-23 09:55:48 ERROR org.springframework.boot.diagnostics.LoggingFailureAnalysisReporter:42 - 

***************************
APPLICATION FAILED TO START
***************************

Description:

Failed to configure a DataSource: 'url' attribute is not specified and no embedded datasource could be configured.

Reason: Failed to determine a suitable driver class


Action:

Consider the following:
	If you want an embedded database (H2, HSQL or Derby), please put it on the classpath.
	If you have database settings to be loaded from a particular profile you may need to activate it (no profiles are currently active).

2018-08-23 10:04:09 INFO  com.example.sureoa.SureoaWebApplication:50 - Starting SureoaWebApplication on ASZAA-D216 with PID 29520 (started by songwenjia in E:\雅典娜项目\sureoa20180822)
2018-08-23 10:04:09 INFO  com.example.sureoa.SureoaWebApplication:662 - No active profile set, falling back to default profiles: default
2018-08-23 10:04:09 INFO  org.springframework.boot.web.servlet.context.AnnotationConfigServletWebServerApplicationContext:590 - Refreshing org.springframework.boot.web.servlet.context.AnnotationConfigServletWebServerApplicationContext@176b3f44: startup date [Thu Aug 23 10:04:09 CST 2018]; root of context hierarchy
2018-08-23 10:04:10 WARN  org.mybatis.spring.mapper.ClassPathMapperScanner:166 - No MyBatis mapper was found in '[com.example.sureoa.dao.mapper]' package. Please check your configuration.
2018-08-23 10:04:10 WARN  org.mybatis.spring.mapper.ClassPathMapperScanner:166 - No MyBatis mapper was found in '[com.example.sureoa]' package. Please check your configuration.
2018-08-23 10:04:10 WARN  org.mybatis.spring.mapper.ClassPathMapperScanner:166 - No MyBatis mapper was found in '[com.example.sureoa]' package. Please check your configuration.
2018-08-23 10:04:12 ERROR org.apache.catalina.core.AprLifecycleListener:180 - An incompatible version [1.2.12] of the APR based Apache Tomcat Native library is installed, while Tomcat requires version [1.2.14]
2018-08-23 10:04:12 INFO  org.springframework.boot.web.embedded.tomcat.TomcatWebServer:91 - Tomcat initialized with port(s): 8081 (http)
2018-08-23 10:04:12 ERROR org.apache.catalina.core.AprLifecycleListener:180 - An incompatible version [1.2.12] of the APR based Apache Tomcat Native library is installed, while Tomcat requires version [1.2.14]
2018-08-23 10:04:12 INFO  org.apache.coyote.http11.Http11NioProtocol:180 - Initializing ProtocolHandler ["http-nio-8081"]
2018-08-23 10:04:12 INFO  org.apache.catalina.core.StandardService:180 - Starting service [Tomcat]
2018-08-23 10:04:12 INFO  org.apache.catalina.core.StandardEngine:180 - Starting Servlet Engine: Apache Tomcat/8.5.32
2018-08-23 10:04:12 ERROR org.apache.catalina.core.AprLifecycleListener:180 - An incompatible version [1.2.12] of the APR based Apache Tomcat Native library is installed, while Tomcat requires version [1.2.14]
2018-08-23 10:04:12 INFO  org.apache.catalina.core.ContainerBase.[Tomcat].[localhost].[/]:180 - Initializing Spring embedded WebApplicationContext
2018-08-23 10:04:12 INFO  org.springframework.web.context.ContextLoader:285 - Root WebApplicationContext: initialization completed in 3459 ms
2018-08-23 10:04:12 INFO  org.springframework.boot.web.servlet.ServletRegistrationBean:187 - Servlet dispatcherServlet mapped to [/]
2018-08-23 10:04:13 INFO  org.springframework.boot.web.servlet.ServletRegistrationBean:187 - Servlet statViewServlet mapped to [/druid/*]
2018-08-23 10:04:13 INFO  org.springframework.boot.web.servlet.FilterRegistrationBean:245 - Mapping filter: 'characterEncodingFilter' to: [/*]
2018-08-23 10:04:13 INFO  org.springframework.boot.web.servlet.FilterRegistrationBean:245 - Mapping filter: 'hiddenHttpMethodFilter' to: [/*]
2018-08-23 10:04:13 INFO  org.springframework.boot.web.servlet.FilterRegistrationBean:245 - Mapping filter: 'httpPutFormContentFilter' to: [/*]
2018-08-23 10:04:13 INFO  org.springframework.boot.web.servlet.FilterRegistrationBean:245 - Mapping filter: 'requestContextFilter' to: [/*]
2018-08-23 10:04:13 INFO  org.springframework.boot.web.servlet.FilterRegistrationBean:258 - Mapping filter: 'webStatFilter' to urls: [/*]
2018-08-23 10:04:13 INFO  org.springframework.web.servlet.handler.SimpleUrlHandlerMapping:373 - Mapped URL path [/**/favicon.ico] onto handler of type [class org.springframework.web.servlet.resource.ResourceHttpRequestHandler]
2018-08-23 10:04:13 INFO  org.springframework.web.servlet.mvc.method.annotation.RequestMappingHandlerAdapter:574 - Looking for @ControllerAdvice: org.springframework.boot.web.servlet.context.AnnotationConfigServletWebServerApplicationContext@176b3f44: startup date [Thu Aug 23 10:04:09 CST 2018]; root of context hierarchy
2018-08-23 10:04:13 INFO  org.springframework.web.servlet.mvc.method.annotation.RequestMappingHandlerMapping:547 - Mapped "{[/error]}" onto public org.springframework.http.ResponseEntity<java.util.Map<java.lang.String, java.lang.Object>> org.springframework.boot.autoconfigure.web.servlet.error.BasicErrorController.error(javax.servlet.http.HttpServletRequest)
2018-08-23 10:04:13 INFO  org.springframework.web.servlet.mvc.method.annotation.RequestMappingHandlerMapping:547 - Mapped "{[/error],produces=[text/html]}" onto public org.springframework.web.servlet.ModelAndView org.springframework.boot.autoconfigure.web.servlet.error.BasicErrorController.errorHtml(javax.servlet.http.HttpServletRequest,javax.servlet.http.HttpServletResponse)
2018-08-23 10:04:13 INFO  org.springframework.web.servlet.handler.SimpleUrlHandlerMapping:373 - Mapped URL path [/webjars/**] onto handler of type [class org.springframework.web.servlet.resource.ResourceHttpRequestHandler]
2018-08-23 10:04:13 INFO  org.springframework.web.servlet.handler.SimpleUrlHandlerMapping:373 - Mapped URL path [/**] onto handler of type [class org.springframework.web.servlet.resource.ResourceHttpRequestHandler]
2018-08-23 10:04:13 ERROR com.alibaba.druid.pool.DruidDataSource:910 - {dataSource-1} init error
java.lang.IllegalStateException: dbType not support : null, url null
	at com.alibaba.druid.wall.WallFilter.init(WallFilter.java:159)
	at com.alibaba.druid.pool.DruidDataSource.init(DruidDataSource.java:762)
	at com.baomidou.dynamic.datasource.AbstractDynamicDataSourceProvider.createDruidDataSource(AbstractDynamicDataSourceProvider.java:91)
	at com.baomidou.dynamic.datasource.AbstractDynamicDataSourceProvider.createDataSource(AbstractDynamicDataSourceProvider.java:40)
	at com.baomidou.dynamic.datasource.YmlDynamicDataSourceProvider.loadMasterDataSource(YmlDynamicDataSourceProvider.java:38)
	at com.baomidou.dynamic.datasource.DynamicRoutingDataSource.afterPropertiesSet(DynamicRoutingDataSource.java:56)
	at org.springframework.beans.factory.support.AbstractAutowireCapableBeanFactory.invokeInitMethods(AbstractAutowireCapableBeanFactory.java:1758)
	at org.springframework.beans.factory.support.AbstractAutowireCapableBeanFactory.initializeBean(AbstractAutowireCapableBeanFactory.java:1695)
	at org.springframework.beans.factory.support.AbstractAutowireCapableBeanFactory.doCreateBean(AbstractAutowireCapableBeanFactory.java:573)
	at org.springframework.beans.factory.support.AbstractAutowireCapableBeanFactory.createBean(AbstractAutowireCapableBeanFactory.java:495)
	at org.springframework.beans.factory.support.AbstractBeanFactory.lambda$doGetBean$0(AbstractBeanFactory.java:317)
	at org.springframework.beans.factory.support.DefaultSingletonBeanRegistry.getSingleton(DefaultSingletonBeanRegistry.java:222)
	at org.springframework.beans.factory.support.AbstractBeanFactory.doGetBean(AbstractBeanFactory.java:315)
	at org.springframework.beans.factory.support.AbstractBeanFactory.getBean(AbstractBeanFactory.java:199)
	at org.springframework.beans.factory.support.DefaultListableBeanFactory.preInstantiateSingletons(DefaultListableBeanFactory.java:759)
	at org.springframework.context.support.AbstractApplicationContext.finishBeanFactoryInitialization(AbstractApplicationContext.java:869)
	at org.springframework.context.support.AbstractApplicationContext.refresh(AbstractApplicationContext.java:550)
	at org.springframework.boot.web.servlet.context.ServletWebServerApplicationContext.refresh(ServletWebServerApplicationContext.java:140)
	at org.springframework.boot.SpringApplication.refresh(SpringApplication.java:762)
	at org.springframework.boot.SpringApplication.refreshContext(SpringApplication.java:398)
	at org.springframework.boot.SpringApplication.run(SpringApplication.java:330)
	at org.springframework.boot.SpringApplication.run(SpringApplication.java:1258)
	at org.springframework.boot.SpringApplication.run(SpringApplication.java:1246)
	at com.example.sureoa.SureoaWebApplication.main(SureoaWebApplication.java:13)
2018-08-23 10:04:13 WARN  org.springframework.boot.web.servlet.context.AnnotationConfigServletWebServerApplicationContext:558 - Exception encountered during context initialization - cancelling refresh attempt: org.springframework.beans.factory.BeanCreationException: Error creating bean with name 'dynamicDataSource' defined in class path resource [com/baomidou/dynamic/datasource/spring/boot/DynamicDataSourceAutoConfiguration.class]: Invocation of init method failed; nested exception is java.lang.IllegalStateException: dbType not support : null, url null
2018-08-23 10:04:13 INFO  org.apache.catalina.core.StandardService:180 - Stopping service [Tomcat]
2018-08-23 10:04:14 INFO  org.springframework.boot.autoconfigure.logging.ConditionEvaluationReportLoggingListener:101 - 

Error starting ApplicationContext. To display the conditions report re-run your application with 'debug' enabled.
2018-08-23 10:04:14 ERROR org.springframework.boot.SpringApplication:845 - Application run failed
org.springframework.beans.factory.BeanCreationException: Error creating bean with name 'dynamicDataSource' defined in class path resource [com/baomidou/dynamic/datasource/spring/boot/DynamicDataSourceAutoConfiguration.class]: Invocation of init method failed; nested exception is java.lang.IllegalStateException: dbType not support : null, url null
	at org.springframework.beans.factory.support.AbstractAutowireCapableBeanFactory.initializeBean(AbstractAutowireCapableBeanFactory.java:1699)
	at org.springframework.beans.factory.support.AbstractAutowireCapableBeanFactory.doCreateBean(AbstractAutowireCapableBeanFactory.java:573)
	at org.springframework.beans.factory.support.AbstractAutowireCapableBeanFactory.createBean(AbstractAutowireCapableBeanFactory.java:495)
	at org.springframework.beans.factory.support.AbstractBeanFactory.lambda$doGetBean$0(AbstractBeanFactory.java:317)
	at org.springframework.beans.factory.support.DefaultSingletonBeanRegistry.getSingleton(DefaultSingletonBeanRegistry.java:222)
	at org.springframework.beans.factory.support.AbstractBeanFactory.doGetBean(AbstractBeanFactory.java:315)
	at org.springframework.beans.factory.support.AbstractBeanFactory.getBean(AbstractBeanFactory.java:199)
	at org.springframework.beans.factory.support.DefaultListableBeanFactory.preInstantiateSingletons(DefaultListableBeanFactory.java:759)
	at org.springframework.context.support.AbstractApplicationContext.finishBeanFactoryInitialization(AbstractApplicationContext.java:869)
	at org.springframework.context.support.AbstractApplicationContext.refresh(AbstractApplicationContext.java:550)
	at org.springframework.boot.web.servlet.context.ServletWebServerApplicationContext.refresh(ServletWebServerApplicationContext.java:140)
	at org.springframework.boot.SpringApplication.refresh(SpringApplication.java:762)
	at org.springframework.boot.SpringApplication.refreshContext(SpringApplication.java:398)
	at org.springframework.boot.SpringApplication.run(SpringApplication.java:330)
	at org.springframework.boot.SpringApplication.run(SpringApplication.java:1258)
	at org.springframework.boot.SpringApplication.run(SpringApplication.java:1246)
	at com.example.sureoa.SureoaWebApplication.main(SureoaWebApplication.java:13)
Caused by: java.lang.IllegalStateException: dbType not support : null, url null
	at com.alibaba.druid.wall.WallFilter.init(WallFilter.java:159)
	at com.alibaba.druid.pool.DruidDataSource.init(DruidDataSource.java:762)
	at com.baomidou.dynamic.datasource.AbstractDynamicDataSourceProvider.createDruidDataSource(AbstractDynamicDataSourceProvider.java:91)
	at com.baomidou.dynamic.datasource.AbstractDynamicDataSourceProvider.createDataSource(AbstractDynamicDataSourceProvider.java:40)
	at com.baomidou.dynamic.datasource.YmlDynamicDataSourceProvider.loadMasterDataSource(YmlDynamicDataSourceProvider.java:38)
	at com.baomidou.dynamic.datasource.DynamicRoutingDataSource.afterPropertiesSet(DynamicRoutingDataSource.java:56)
	at org.springframework.beans.factory.support.AbstractAutowireCapableBeanFactory.invokeInitMethods(AbstractAutowireCapableBeanFactory.java:1758)
	at org.springframework.beans.factory.support.AbstractAutowireCapableBeanFactory.initializeBean(AbstractAutowireCapableBeanFactory.java:1695)
	... 16 common frames omitted
2018-08-23 10:14:51 INFO  com.example.sureoa.SureoaWebApplication:50 - Starting SureoaWebApplication on ASZAA-D216 with PID 1680 (started by songwenjia in E:\雅典娜项目\sureoa20180822)
2018-08-23 10:14:51 INFO  com.example.sureoa.SureoaWebApplication:662 - No active profile set, falling back to default profiles: default
2018-08-23 10:14:51 INFO  org.springframework.boot.web.servlet.context.AnnotationConfigServletWebServerApplicationContext:590 - Refreshing org.springframework.boot.web.servlet.context.AnnotationConfigServletWebServerApplicationContext@3fb6cf60: startup date [Thu Aug 23 10:14:51 CST 2018]; root of context hierarchy
2018-08-23 10:14:52 WARN  org.mybatis.spring.mapper.ClassPathMapperScanner:166 - No MyBatis mapper was found in '[com.example.sureoa.dao.mapper]' package. Please check your configuration.
2018-08-23 10:14:52 WARN  org.mybatis.spring.mapper.ClassPathMapperScanner:166 - No MyBatis mapper was found in '[com.example.sureoa]' package. Please check your configuration.
2018-08-23 10:14:52 WARN  org.mybatis.spring.mapper.ClassPathMapperScanner:166 - No MyBatis mapper was found in '[com.example.sureoa]' package. Please check your configuration.
2018-08-23 10:14:54 ERROR org.apache.catalina.core.AprLifecycleListener:180 - An incompatible version [1.2.12] of the APR based Apache Tomcat Native library is installed, while Tomcat requires version [1.2.14]
2018-08-23 10:14:54 INFO  org.springframework.boot.web.embedded.tomcat.TomcatWebServer:91 - Tomcat initialized with port(s): 8081 (http)
2018-08-23 10:14:54 ERROR org.apache.catalina.core.AprLifecycleListener:180 - An incompatible version [1.2.12] of the APR based Apache Tomcat Native library is installed, while Tomcat requires version [1.2.14]
2018-08-23 10:14:54 INFO  org.apache.coyote.http11.Http11NioProtocol:180 - Initializing ProtocolHandler ["http-nio-8081"]
2018-08-23 10:14:54 INFO  org.apache.catalina.core.StandardService:180 - Starting service [Tomcat]
2018-08-23 10:14:54 INFO  org.apache.catalina.core.StandardEngine:180 - Starting Servlet Engine: Apache Tomcat/8.5.32
2018-08-23 10:14:54 ERROR org.apache.catalina.core.AprLifecycleListener:180 - An incompatible version [1.2.12] of the APR based Apache Tomcat Native library is installed, while Tomcat requires version [1.2.14]
2018-08-23 10:14:54 INFO  org.apache.catalina.core.ContainerBase.[Tomcat].[localhost].[/]:180 - Initializing Spring embedded WebApplicationContext
2018-08-23 10:14:54 INFO  org.springframework.web.context.ContextLoader:285 - Root WebApplicationContext: initialization completed in 2604 ms
2018-08-23 10:14:54 INFO  org.springframework.boot.web.servlet.ServletRegistrationBean:187 - Servlet dispatcherServlet mapped to [/]
2018-08-23 10:14:54 INFO  org.springframework.boot.web.servlet.ServletRegistrationBean:187 - Servlet statViewServlet mapped to [/druid/*]
2018-08-23 10:14:54 INFO  org.springframework.boot.web.servlet.FilterRegistrationBean:245 - Mapping filter: 'characterEncodingFilter' to: [/*]
2018-08-23 10:14:54 INFO  org.springframework.boot.web.servlet.FilterRegistrationBean:245 - Mapping filter: 'hiddenHttpMethodFilter' to: [/*]
2018-08-23 10:14:54 INFO  org.springframework.boot.web.servlet.FilterRegistrationBean:245 - Mapping filter: 'httpPutFormContentFilter' to: [/*]
2018-08-23 10:14:54 INFO  org.springframework.boot.web.servlet.FilterRegistrationBean:245 - Mapping filter: 'requestContextFilter' to: [/*]
2018-08-23 10:14:54 INFO  org.springframework.boot.web.servlet.FilterRegistrationBean:258 - Mapping filter: 'webStatFilter' to urls: [/*]
2018-08-23 10:14:55 INFO  org.springframework.web.servlet.handler.SimpleUrlHandlerMapping:373 - Mapped URL path [/**/favicon.ico] onto handler of type [class org.springframework.web.servlet.resource.ResourceHttpRequestHandler]
2018-08-23 10:14:55 INFO  org.springframework.web.servlet.mvc.method.annotation.RequestMappingHandlerAdapter:574 - Looking for @ControllerAdvice: org.springframework.boot.web.servlet.context.AnnotationConfigServletWebServerApplicationContext@3fb6cf60: startup date [Thu Aug 23 10:14:51 CST 2018]; root of context hierarchy
2018-08-23 10:14:55 INFO  org.springframework.web.servlet.mvc.method.annotation.RequestMappingHandlerMapping:547 - Mapped "{[/error]}" onto public org.springframework.http.ResponseEntity<java.util.Map<java.lang.String, java.lang.Object>> org.springframework.boot.autoconfigure.web.servlet.error.BasicErrorController.error(javax.servlet.http.HttpServletRequest)
2018-08-23 10:14:55 INFO  org.springframework.web.servlet.mvc.method.annotation.RequestMappingHandlerMapping:547 - Mapped "{[/error],produces=[text/html]}" onto public org.springframework.web.servlet.ModelAndView org.springframework.boot.autoconfigure.web.servlet.error.BasicErrorController.errorHtml(javax.servlet.http.HttpServletRequest,javax.servlet.http.HttpServletResponse)
2018-08-23 10:14:55 INFO  org.springframework.web.servlet.handler.SimpleUrlHandlerMapping:373 - Mapped URL path [/webjars/**] onto handler of type [class org.springframework.web.servlet.resource.ResourceHttpRequestHandler]
2018-08-23 10:14:55 INFO  org.springframework.web.servlet.handler.SimpleUrlHandlerMapping:373 - Mapped URL path [/**] onto handler of type [class org.springframework.web.servlet.resource.ResourceHttpRequestHandler]
2018-08-23 10:14:55 WARN  com.alibaba.druid.pool.DruidAbstractDataSource:1176 - oracle.jdbc.driver.OracleDriver is deprecated.Having use oracle.jdbc.OracleDriver.
2018-08-23 10:14:56 INFO  com.alibaba.druid.pool.DruidDataSource:930 - {dataSource-1} inited
2018-08-23 10:14:58 INFO  org.springframework.jmx.export.annotation.AnnotationMBeanExporter:433 - Registering beans for JMX exposure on startup
2018-08-23 10:14:58 INFO  org.springframework.jmx.export.annotation.AnnotationMBeanExporter:895 - Bean with name 'statFilter' has been autodetected for JMX exposure
2018-08-23 10:14:58 INFO  org.springframework.jmx.export.annotation.AnnotationMBeanExporter:668 - Located MBean 'statFilter': registering with JMX server as MBean [com.alibaba.druid.filter.stat:name=statFilter,type=StatFilter]
2018-08-23 10:14:58 INFO  org.apache.coyote.http11.Http11NioProtocol:180 - Starting ProtocolHandler ["http-nio-8081"]
2018-08-23 10:14:58 INFO  org.apache.tomcat.util.net.NioSelectorPool:180 - Using a shared selector for servlet write/read
2018-08-23 10:14:58 INFO  org.springframework.boot.web.embedded.tomcat.TomcatWebServer:206 - Tomcat started on port(s): 8081 (http) with context path ''
2018-08-23 10:14:58 INFO  com.example.sureoa.SureoaWebApplication:59 - Started SureoaWebApplication in 7.454 seconds (JVM running for 8.542)
2018-08-23 10:17:00 INFO  com.example.sureoa.SureoaWebApplication:50 - Starting SureoaWebApplication on ASZAA-D216 with PID 53176 (started by songwenjia in E:\雅典娜项目\sureoa20180822)
2018-08-23 10:17:00 INFO  com.example.sureoa.SureoaWebApplication:662 - No active profile set, falling back to default profiles: default
2018-08-23 10:17:01 INFO  org.springframework.boot.web.servlet.context.AnnotationConfigServletWebServerApplicationContext:590 - Refreshing org.springframework.boot.web.servlet.context.AnnotationConfigServletWebServerApplicationContext@1d730606: startup date [Thu Aug 23 10:17:01 CST 2018]; root of context hierarchy
2018-08-23 10:17:01 WARN  org.mybatis.spring.mapper.ClassPathMapperScanner:166 - No MyBatis mapper was found in '[com.example.sureoa.dao.mapper]' package. Please check your configuration.
2018-08-23 10:17:02 WARN  org.mybatis.spring.mapper.ClassPathMapperScanner:166 - No MyBatis mapper was found in '[com.example.sureoa]' package. Please check your configuration.
2018-08-23 10:17:02 WARN  org.mybatis.spring.mapper.ClassPathMapperScanner:166 - No MyBatis mapper was found in '[com.example.sureoa]' package. Please check your configuration.
2018-08-23 10:17:03 ERROR org.apache.catalina.core.AprLifecycleListener:180 - An incompatible version [1.2.12] of the APR based Apache Tomcat Native library is installed, while Tomcat requires version [1.2.14]
2018-08-23 10:17:03 INFO  org.springframework.boot.web.embedded.tomcat.TomcatWebServer:91 - Tomcat initialized with port(s): 8081 (http)
2018-08-23 10:17:03 ERROR org.apache.catalina.core.AprLifecycleListener:180 - An incompatible version [1.2.12] of the APR based Apache Tomcat Native library is installed, while Tomcat requires version [1.2.14]
2018-08-23 10:17:03 INFO  org.apache.coyote.http11.Http11NioProtocol:180 - Initializing ProtocolHandler ["http-nio-8081"]
2018-08-23 10:17:03 INFO  org.apache.catalina.core.StandardService:180 - Starting service [Tomcat]
2018-08-23 10:17:03 INFO  org.apache.catalina.core.StandardEngine:180 - Starting Servlet Engine: Apache Tomcat/8.5.32
2018-08-23 10:17:03 ERROR org.apache.catalina.core.AprLifecycleListener:180 - An incompatible version [1.2.12] of the APR based Apache Tomcat Native library is installed, while Tomcat requires version [1.2.14]
2018-08-23 10:17:04 INFO  org.apache.catalina.core.ContainerBase.[Tomcat].[localhost].[/]:180 - Initializing Spring embedded WebApplicationContext
2018-08-23 10:17:04 INFO  org.springframework.web.context.ContextLoader:285 - Root WebApplicationContext: initialization completed in 3066 ms
2018-08-23 10:17:04 INFO  org.springframework.boot.web.servlet.ServletRegistrationBean:187 - Servlet dispatcherServlet mapped to [/]
2018-08-23 10:17:04 INFO  org.springframework.boot.web.servlet.ServletRegistrationBean:187 - Servlet statViewServlet mapped to [/druid/*]
2018-08-23 10:17:04 INFO  org.springframework.boot.web.servlet.FilterRegistrationBean:245 - Mapping filter: 'characterEncodingFilter' to: [/*]
2018-08-23 10:17:04 INFO  org.springframework.boot.web.servlet.FilterRegistrationBean:245 - Mapping filter: 'hiddenHttpMethodFilter' to: [/*]
2018-08-23 10:17:04 INFO  org.springframework.boot.web.servlet.FilterRegistrationBean:245 - Mapping filter: 'httpPutFormContentFilter' to: [/*]
2018-08-23 10:17:04 INFO  org.springframework.boot.web.servlet.FilterRegistrationBean:245 - Mapping filter: 'requestContextFilter' to: [/*]
2018-08-23 10:17:04 INFO  org.springframework.boot.web.servlet.FilterRegistrationBean:258 - Mapping filter: 'webStatFilter' to urls: [/*]
2018-08-23 10:17:04 INFO  org.springframework.web.servlet.handler.SimpleUrlHandlerMapping:373 - Mapped URL path [/**/favicon.ico] onto handler of type [class org.springframework.web.servlet.resource.ResourceHttpRequestHandler]
2018-08-23 10:17:05 INFO  org.springframework.web.servlet.mvc.method.annotation.RequestMappingHandlerAdapter:574 - Looking for @ControllerAdvice: org.springframework.boot.web.servlet.context.AnnotationConfigServletWebServerApplicationContext@1d730606: startup date [Thu Aug 23 10:17:01 CST 2018]; root of context hierarchy
2018-08-23 10:17:05 INFO  org.springframework.web.servlet.mvc.method.annotation.RequestMappingHandlerMapping:547 - Mapped "{[/error]}" onto public org.springframework.http.ResponseEntity<java.util.Map<java.lang.String, java.lang.Object>> org.springframework.boot.autoconfigure.web.servlet.error.BasicErrorController.error(javax.servlet.http.HttpServletRequest)
2018-08-23 10:17:05 INFO  org.springframework.web.servlet.mvc.method.annotation.RequestMappingHandlerMapping:547 - Mapped "{[/error],produces=[text/html]}" onto public org.springframework.web.servlet.ModelAndView org.springframework.boot.autoconfigure.web.servlet.error.BasicErrorController.errorHtml(javax.servlet.http.HttpServletRequest,javax.servlet.http.HttpServletResponse)
2018-08-23 10:17:05 INFO  org.springframework.web.servlet.handler.SimpleUrlHandlerMapping:373 - Mapped URL path [/webjars/**] onto handler of type [class org.springframework.web.servlet.resource.ResourceHttpRequestHandler]
2018-08-23 10:17:05 INFO  org.springframework.web.servlet.handler.SimpleUrlHandlerMapping:373 - Mapped URL path [/**] onto handler of type [class org.springframework.web.servlet.resource.ResourceHttpRequestHandler]
2018-08-23 10:17:06 WARN  com.alibaba.druid.pool.DruidAbstractDataSource:1176 - oracle.jdbc.driver.OracleDriver is deprecated.Having use oracle.jdbc.OracleDriver.
2018-08-23 10:17:06 INFO  com.alibaba.druid.pool.DruidDataSource:930 - {dataSource-1} inited
2018-08-23 10:17:08 INFO  org.springframework.jmx.export.annotation.AnnotationMBeanExporter:433 - Registering beans for JMX exposure on startup
2018-08-23 10:17:08 INFO  org.springframework.jmx.export.annotation.AnnotationMBeanExporter:895 - Bean with name 'statFilter' has been autodetected for JMX exposure
2018-08-23 10:17:08 INFO  org.springframework.jmx.export.annotation.AnnotationMBeanExporter:668 - Located MBean 'statFilter': registering with JMX server as MBean [com.alibaba.druid.filter.stat:name=statFilter,type=StatFilter]
2018-08-23 10:17:08 INFO  org.apache.coyote.http11.Http11NioProtocol:180 - Starting ProtocolHandler ["http-nio-8081"]
2018-08-23 10:17:08 INFO  org.apache.tomcat.util.net.NioSelectorPool:180 - Using a shared selector for servlet write/read
2018-08-23 10:17:08 INFO  org.springframework.boot.web.embedded.tomcat.TomcatWebServer:206 - Tomcat started on port(s): 8081 (http) with context path ''
2018-08-23 10:17:08 INFO  com.example.sureoa.SureoaWebApplication:59 - Started SureoaWebApplication in 8.809 seconds (JVM running for 9.639)
