2018-12-06 16:07:41 INFO  com.example.sureoa.SureoaWebApplication:50 - Starting SureoaWebApplication on ASZAA-D216 with PID 81556 (started by songwenjia in E:\雅典娜项目\sureoa20180822)
2018-12-06 16:07:41 INFO  com.example.sureoa.SureoaWebApplication:662 - No active profile set, falling back to default profiles: default
2018-12-06 16:07:41 INFO  org.springframework.boot.web.servlet.context.AnnotationConfigServletWebServerApplicationContext:590 - Refreshing org.springframework.boot.web.servlet.context.AnnotationConfigServletWebServerApplicationContext@781f10f2: startup date [Thu Dec 06 16:07:41 CST 2018]; root of context hierarchy
2018-12-06 16:07:45 ERROR org.apache.catalina.core.AprLifecycleListener:180 - An incompatible version [1.2.12] of the APR based Apache Tomcat Native library is installed, while Tomcat requires version [1.2.14]
2018-12-06 16:07:45 INFO  org.springframework.boot.web.embedded.tomcat.TomcatWebServer:91 - Tomcat initialized with port(s): 8081 (http)
2018-12-06 16:07:45 ERROR org.apache.catalina.core.AprLifecycleListener:180 - An incompatible version [1.2.12] of the APR based Apache Tomcat Native library is installed, while Tomcat requires version [1.2.14]
2018-12-06 16:07:45 INFO  org.apache.coyote.http11.Http11NioProtocol:180 - Initializing ProtocolHandler ["http-nio-8081"]
2018-12-06 16:07:45 INFO  org.apache.catalina.core.StandardService:180 - Starting service [Tomcat]
2018-12-06 16:07:45 INFO  org.apache.catalina.core.StandardEngine:180 - Starting Servlet Engine: Apache Tomcat/8.5.32
2018-12-06 16:07:45 ERROR org.apache.catalina.core.AprLifecycleListener:180 - An incompatible version [1.2.12] of the APR based Apache Tomcat Native library is installed, while Tomcat requires version [1.2.14]
2018-12-06 16:07:46 INFO  org.apache.catalina.core.ContainerBase.[Tomcat].[localhost].[/sureoa]:180 - Initializing Spring embedded WebApplicationContext
2018-12-06 16:07:46 INFO  org.springframework.web.context.ContextLoader:285 - Root WebApplicationContext: initialization completed in 4450 ms
2018-12-06 16:07:46 INFO  org.springframework.boot.web.servlet.ServletRegistrationBean:187 - Servlet dispatcherServlet mapped to [/]
2018-12-06 16:07:46 INFO  org.springframework.boot.web.servlet.ServletRegistrationBean:187 - Servlet statViewServlet mapped to [/druid/*]
2018-12-06 16:07:46 INFO  org.springframework.boot.web.servlet.FilterRegistrationBean:245 - Mapping filter: 'characterEncodingFilter' to: [/*]
2018-12-06 16:07:46 INFO  org.springframework.boot.web.servlet.FilterRegistrationBean:245 - Mapping filter: 'hiddenHttpMethodFilter' to: [/*]
2018-12-06 16:07:46 INFO  org.springframework.boot.web.servlet.FilterRegistrationBean:245 - Mapping filter: 'httpPutFormContentFilter' to: [/*]
2018-12-06 16:07:46 INFO  org.springframework.boot.web.servlet.FilterRegistrationBean:245 - Mapping filter: 'requestContextFilter' to: [/*]
2018-12-06 16:07:46 INFO  org.springframework.boot.web.servlet.FilterRegistrationBean:258 - Mapping filter: 'webStatFilter' to urls: [/*]
2018-12-06 16:07:46 WARN  com.alibaba.druid.pool.DruidAbstractDataSource:1176 - oracle.jdbc.driver.OracleDriver is deprecated.Having use oracle.jdbc.OracleDriver.
2018-12-06 16:07:47 INFO  com.alibaba.druid.pool.DruidDataSource:930 - {dataSource-1} inited
2018-12-06 16:07:47 WARN  com.baomidou.mybatisplus.toolkit.TableInfoHelper:188 - Warn: Could not find @TableId in Class: com.example.sureoa.dao.entity.WtjlxInfo.
2018-12-06 16:07:47 WARN  com.baomidou.mybatisplus.mapper.AutoSqlInjector:147 - class com.example.sureoa.dao.entity.WtjlxInfo ,Not found @TableId annotation, Cannot use Mybatis-Plus 'xxById' Method.
2018-12-06 16:07:47 INFO  org.springframework.web.servlet.handler.SimpleUrlHandlerMapping:373 - Mapped URL path [/**/favicon.ico] onto handler of type [class org.springframework.web.servlet.resource.ResourceHttpRequestHandler]
2018-12-06 16:07:48 INFO  org.springframework.web.servlet.mvc.method.annotation.RequestMappingHandlerAdapter:574 - Looking for @ControllerAdvice: org.springframework.boot.web.servlet.context.AnnotationConfigServletWebServerApplicationContext@781f10f2: startup date [Thu Dec 06 16:07:41 CST 2018]; root of context hierarchy
2018-12-06 16:07:48 INFO  org.springframework.web.servlet.mvc.method.annotation.RequestMappingHandlerMapping:547 - Mapped "{[/wtjlx/swj]}" onto public java.util.List com.example.sureoa.web.WTJLXController.getWtj()
2018-12-06 16:07:48 INFO  org.springframework.web.servlet.mvc.method.annotation.RequestMappingHandlerMapping:547 - Mapped "{[/error]}" onto public org.springframework.http.ResponseEntity<java.util.Map<java.lang.String, java.lang.Object>> org.springframework.boot.autoconfigure.web.servlet.error.BasicErrorController.error(javax.servlet.http.HttpServletRequest)
2018-12-06 16:07:48 INFO  org.springframework.web.servlet.mvc.method.annotation.RequestMappingHandlerMapping:547 - Mapped "{[/error],produces=[text/html]}" onto public org.springframework.web.servlet.ModelAndView org.springframework.boot.autoconfigure.web.servlet.error.BasicErrorController.errorHtml(javax.servlet.http.HttpServletRequest,javax.servlet.http.HttpServletResponse)
2018-12-06 16:07:48 INFO  org.springframework.web.servlet.handler.SimpleUrlHandlerMapping:373 - Mapped URL path [/webjars/**] onto handler of type [class org.springframework.web.servlet.resource.ResourceHttpRequestHandler]
2018-12-06 16:07:48 INFO  org.springframework.web.servlet.handler.SimpleUrlHandlerMapping:373 - Mapped URL path [/**] onto handler of type [class org.springframework.web.servlet.resource.ResourceHttpRequestHandler]
2018-12-06 16:07:49 INFO  org.springframework.ui.freemarker.SpringTemplateLoader:62 - SpringTemplateLoader for FreeMarker: using resource loader [org.springframework.boot.web.servlet.context.AnnotationConfigServletWebServerApplicationContext@781f10f2: startup date [Thu Dec 06 16:07:41 CST 2018]; root of context hierarchy] and template loader path [classpath:/templates/]
2018-12-06 16:07:49 INFO  org.springframework.web.servlet.view.freemarker.FreeMarkerConfigurer:131 - ClassTemplateLoader for Spring macros added to FreeMarker configuration
2018-12-06 16:07:49 INFO  org.springframework.jmx.export.annotation.AnnotationMBeanExporter:433 - Registering beans for JMX exposure on startup
2018-12-06 16:07:49 INFO  org.springframework.jmx.export.annotation.AnnotationMBeanExporter:895 - Bean with name 'statFilter' has been autodetected for JMX exposure
2018-12-06 16:07:49 INFO  org.springframework.jmx.export.annotation.AnnotationMBeanExporter:668 - Located MBean 'statFilter': registering with JMX server as MBean [com.alibaba.druid.filter.stat:name=statFilter,type=StatFilter]
2018-12-06 16:07:49 INFO  org.apache.coyote.http11.Http11NioProtocol:180 - Starting ProtocolHandler ["http-nio-8081"]
2018-12-06 16:07:49 INFO  org.apache.tomcat.util.net.NioSelectorPool:180 - Using a shared selector for servlet write/read
2018-12-06 16:07:49 INFO  org.springframework.boot.web.embedded.tomcat.TomcatWebServer:206 - Tomcat started on port(s): 8081 (http) with context path '/sureoa'
2018-12-06 16:07:49 INFO  com.example.sureoa.SureoaWebApplication:59 - Started SureoaWebApplication in 8.587 seconds (JVM running for 16.363)
2018-12-06 16:09:15 ERROR org.apache.catalina.core.AprLifecycleListener:180 - An incompatible version [1.2.12] of the APR based Apache Tomcat Native library is installed, while Tomcat requires version [1.2.14]
2018-12-06 16:09:15 INFO  org.apache.catalina.core.ContainerBase.[Tomcat].[localhost].[/sureoa]:180 - Initializing Spring FrameworkServlet 'dispatcherServlet'
2018-12-06 16:09:15 INFO  org.springframework.web.servlet.DispatcherServlet:494 - FrameworkServlet 'dispatcherServlet': initialization started
2018-12-06 16:09:15 INFO  org.springframework.web.servlet.DispatcherServlet:509 - FrameworkServlet 'dispatcherServlet': initialization completed in 57 ms
2018-12-06 16:09:15 DEBUG com.example.sureoa.dao.mapper.WtjlxMapper.selectList:159 - ==>  Preparing: SELECT 序号,问题件类型 FROM TAB_问题件类型 
2018-12-06 16:09:15 DEBUG com.example.sureoa.dao.mapper.WtjlxMapper.selectList:159 - ==> Parameters: 
2018-12-06 16:09:15 DEBUG com.example.sureoa.dao.mapper.WtjlxMapper.selectList:159 - <==      Total: 15
