2018-08-24 10:55:53 INFO  com.example.sureoa.SureoaWebApplication:50 - Starting SureoaWebApplication on ASZAA-D216 with PID 5932 (started by songwenjia in E:\雅典娜项目\sureoa20180822)
2018-08-24 10:55:53 INFO  com.example.sureoa.SureoaWebApplication:662 - No active profile set, falling back to default profiles: default
2018-08-24 10:55:53 INFO  org.springframework.boot.web.servlet.context.AnnotationConfigServletWebServerApplicationContext:590 - Refreshing org.springframework.boot.web.servlet.context.AnnotationConfigServletWebServerApplicationContext@7b84fcf8: startup date [Fri Aug 24 10:55:53 CST 2018]; root of context hierarchy
2018-08-24 10:55:57 ERROR org.apache.catalina.core.AprLifecycleListener:180 - An incompatible version [1.2.12] of the APR based Apache Tomcat Native library is installed, while Tomcat requires version [1.2.14]
2018-08-24 10:55:57 INFO  org.springframework.boot.web.embedded.tomcat.TomcatWebServer:91 - Tomcat initialized with port(s): 8081 (http)
2018-08-24 10:55:57 ERROR org.apache.catalina.core.AprLifecycleListener:180 - An incompatible version [1.2.12] of the APR based Apache Tomcat Native library is installed, while Tomcat requires version [1.2.14]
2018-08-24 10:55:57 INFO  org.apache.coyote.http11.Http11NioProtocol:180 - Initializing ProtocolHandler ["http-nio-8081"]
2018-08-24 10:55:57 INFO  org.apache.catalina.core.StandardService:180 - Starting service [Tomcat]
2018-08-24 10:55:57 INFO  org.apache.catalina.core.StandardEngine:180 - Starting Servlet Engine: Apache Tomcat/8.5.32
2018-08-24 10:55:57 ERROR org.apache.catalina.core.AprLifecycleListener:180 - An incompatible version [1.2.12] of the APR based Apache Tomcat Native library is installed, while Tomcat requires version [1.2.14]
2018-08-24 10:55:58 INFO  org.apache.catalina.core.ContainerBase.[Tomcat].[localhost].[/]:180 - Initializing Spring embedded WebApplicationContext
2018-08-24 10:55:58 INFO  org.springframework.web.context.ContextLoader:285 - Root WebApplicationContext: initialization completed in 4298 ms
2018-08-24 10:55:58 INFO  org.springframework.boot.web.servlet.ServletRegistrationBean:187 - Servlet dispatcherServlet mapped to [/]
2018-08-24 10:55:58 INFO  org.springframework.boot.web.servlet.ServletRegistrationBean:187 - Servlet statViewServlet mapped to [/druid/*]
2018-08-24 10:55:58 INFO  org.springframework.boot.web.servlet.FilterRegistrationBean:245 - Mapping filter: 'characterEncodingFilter' to: [/*]
2018-08-24 10:55:58 INFO  org.springframework.boot.web.servlet.FilterRegistrationBean:245 - Mapping filter: 'hiddenHttpMethodFilter' to: [/*]
2018-08-24 10:55:58 INFO  org.springframework.boot.web.servlet.FilterRegistrationBean:245 - Mapping filter: 'httpPutFormContentFilter' to: [/*]
2018-08-24 10:55:58 INFO  org.springframework.boot.web.servlet.FilterRegistrationBean:245 - Mapping filter: 'requestContextFilter' to: [/*]
2018-08-24 10:55:58 INFO  org.springframework.boot.web.servlet.FilterRegistrationBean:258 - Mapping filter: 'webStatFilter' to urls: [/*]
2018-08-24 10:55:58 WARN  com.alibaba.druid.pool.DruidAbstractDataSource:1176 - oracle.jdbc.driver.OracleDriver is deprecated.Having use oracle.jdbc.OracleDriver.
2018-08-24 10:55:59 INFO  com.alibaba.druid.pool.DruidDataSource:930 - {dataSource-1} inited
2018-08-24 10:55:59 WARN  com.baomidou.mybatisplus.toolkit.TableInfoHelper:188 - Warn: Could not find @TableId in Class: com.example.sureoa.dao.entity.WtjlxInfo.
2018-08-24 10:55:59 WARN  com.baomidou.mybatisplus.mapper.AutoSqlInjector:147 - class com.example.sureoa.dao.entity.WtjlxInfo ,Not found @TableId annotation, Cannot use Mybatis-Plus 'xxById' Method.
2018-08-24 10:56:00 INFO  org.springframework.web.servlet.handler.SimpleUrlHandlerMapping:373 - Mapped URL path [/**/favicon.ico] onto handler of type [class org.springframework.web.servlet.resource.ResourceHttpRequestHandler]
2018-08-24 10:56:00 INFO  org.springframework.web.servlet.mvc.method.annotation.RequestMappingHandlerAdapter:574 - Looking for @ControllerAdvice: org.springframework.boot.web.servlet.context.AnnotationConfigServletWebServerApplicationContext@7b84fcf8: startup date [Fri Aug 24 10:55:53 CST 2018]; root of context hierarchy
2018-08-24 10:56:00 INFO  org.springframework.web.servlet.mvc.method.annotation.RequestMappingHandlerMapping:547 - Mapped "{[/error]}" onto public org.springframework.http.ResponseEntity<java.util.Map<java.lang.String, java.lang.Object>> org.springframework.boot.autoconfigure.web.servlet.error.BasicErrorController.error(javax.servlet.http.HttpServletRequest)
2018-08-24 10:56:00 INFO  org.springframework.web.servlet.mvc.method.annotation.RequestMappingHandlerMapping:547 - Mapped "{[/error],produces=[text/html]}" onto public org.springframework.web.servlet.ModelAndView org.springframework.boot.autoconfigure.web.servlet.error.BasicErrorController.errorHtml(javax.servlet.http.HttpServletRequest,javax.servlet.http.HttpServletResponse)
2018-08-24 10:56:00 INFO  org.springframework.web.servlet.handler.SimpleUrlHandlerMapping:373 - Mapped URL path [/webjars/**] onto handler of type [class org.springframework.web.servlet.resource.ResourceHttpRequestHandler]
2018-08-24 10:56:00 INFO  org.springframework.web.servlet.handler.SimpleUrlHandlerMapping:373 - Mapped URL path [/**] onto handler of type [class org.springframework.web.servlet.resource.ResourceHttpRequestHandler]
2018-08-24 10:56:01 INFO  org.springframework.jmx.export.annotation.AnnotationMBeanExporter:433 - Registering beans for JMX exposure on startup
2018-08-24 10:56:01 INFO  org.springframework.jmx.export.annotation.AnnotationMBeanExporter:895 - Bean with name 'statFilter' has been autodetected for JMX exposure
2018-08-24 10:56:01 INFO  org.springframework.jmx.export.annotation.AnnotationMBeanExporter:668 - Located MBean 'statFilter': registering with JMX server as MBean [com.alibaba.druid.filter.stat:name=statFilter,type=StatFilter]
2018-08-24 10:56:01 INFO  org.apache.coyote.http11.Http11NioProtocol:180 - Starting ProtocolHandler ["http-nio-8081"]
2018-08-24 10:56:01 INFO  org.apache.tomcat.util.net.NioSelectorPool:180 - Using a shared selector for servlet write/read
2018-08-24 10:56:02 INFO  org.springframework.boot.web.embedded.tomcat.TomcatWebServer:206 - Tomcat started on port(s): 8081 (http) with context path ''
2018-08-24 10:56:02 INFO  com.example.sureoa.SureoaWebApplication:59 - Started SureoaWebApplication in 9.908 seconds (JVM running for 11.284)
2018-08-24 10:58:35 ERROR org.apache.catalina.core.AprLifecycleListener:180 - An incompatible version [1.2.12] of the APR based Apache Tomcat Native library is installed, while Tomcat requires version [1.2.14]
2018-08-24 10:58:35 INFO  org.apache.catalina.core.ContainerBase.[Tomcat].[localhost].[/]:180 - Initializing Spring FrameworkServlet 'dispatcherServlet'
2018-08-24 10:58:35 INFO  org.springframework.web.servlet.DispatcherServlet:494 - FrameworkServlet 'dispatcherServlet': initialization started
2018-08-24 10:58:35 INFO  org.springframework.web.servlet.DispatcherServlet:509 - FrameworkServlet 'dispatcherServlet': initialization completed in 50 ms
2018-08-24 11:12:16 INFO  com.example.sureoa.SureoaWebApplication:50 - Starting SureoaWebApplication on ASZAA-D216 with PID 8448 (started by songwenjia in E:\雅典娜项目\sureoa20180822)
2018-08-24 11:12:16 INFO  com.example.sureoa.SureoaWebApplication:662 - No active profile set, falling back to default profiles: default
2018-08-24 11:12:16 INFO  org.springframework.boot.web.servlet.context.AnnotationConfigServletWebServerApplicationContext:590 - Refreshing org.springframework.boot.web.servlet.context.AnnotationConfigServletWebServerApplicationContext@47f4e407: startup date [Fri Aug 24 11:12:16 CST 2018]; root of context hierarchy
2018-08-24 11:12:19 ERROR org.apache.catalina.core.AprLifecycleListener:180 - An incompatible version [1.2.12] of the APR based Apache Tomcat Native library is installed, while Tomcat requires version [1.2.14]
2018-08-24 11:12:19 INFO  org.springframework.boot.web.embedded.tomcat.TomcatWebServer:91 - Tomcat initialized with port(s): 8081 (http)
2018-08-24 11:12:19 ERROR org.apache.catalina.core.AprLifecycleListener:180 - An incompatible version [1.2.12] of the APR based Apache Tomcat Native library is installed, while Tomcat requires version [1.2.14]
2018-08-24 11:12:19 INFO  org.apache.coyote.http11.Http11NioProtocol:180 - Initializing ProtocolHandler ["http-nio-8081"]
2018-08-24 11:12:19 INFO  org.apache.catalina.core.StandardService:180 - Starting service [Tomcat]
2018-08-24 11:12:19 INFO  org.apache.catalina.core.StandardEngine:180 - Starting Servlet Engine: Apache Tomcat/8.5.32
2018-08-24 11:12:19 ERROR org.apache.catalina.core.AprLifecycleListener:180 - An incompatible version [1.2.12] of the APR based Apache Tomcat Native library is installed, while Tomcat requires version [1.2.14]
2018-08-24 11:12:20 INFO  org.apache.catalina.core.ContainerBase.[Tomcat].[localhost].[/]:180 - Initializing Spring embedded WebApplicationContext
2018-08-24 11:12:20 INFO  org.springframework.web.context.ContextLoader:285 - Root WebApplicationContext: initialization completed in 3238 ms
2018-08-24 11:12:20 INFO  org.springframework.boot.web.servlet.ServletRegistrationBean:187 - Servlet dispatcherServlet mapped to [/]
2018-08-24 11:12:20 INFO  org.springframework.boot.web.servlet.ServletRegistrationBean:187 - Servlet statViewServlet mapped to [/druid/*]
2018-08-24 11:12:20 INFO  org.springframework.boot.web.servlet.FilterRegistrationBean:245 - Mapping filter: 'characterEncodingFilter' to: [/*]
2018-08-24 11:12:20 INFO  org.springframework.boot.web.servlet.FilterRegistrationBean:245 - Mapping filter: 'hiddenHttpMethodFilter' to: [/*]
2018-08-24 11:12:20 INFO  org.springframework.boot.web.servlet.FilterRegistrationBean:245 - Mapping filter: 'httpPutFormContentFilter' to: [/*]
2018-08-24 11:12:20 INFO  org.springframework.boot.web.servlet.FilterRegistrationBean:245 - Mapping filter: 'requestContextFilter' to: [/*]
2018-08-24 11:12:20 INFO  org.springframework.boot.web.servlet.FilterRegistrationBean:258 - Mapping filter: 'webStatFilter' to urls: [/*]
2018-08-24 11:12:20 WARN  com.alibaba.druid.pool.DruidAbstractDataSource:1176 - oracle.jdbc.driver.OracleDriver is deprecated.Having use oracle.jdbc.OracleDriver.
2018-08-24 11:12:20 INFO  com.alibaba.druid.pool.DruidDataSource:930 - {dataSource-1} inited
2018-08-24 11:12:21 WARN  com.baomidou.mybatisplus.toolkit.TableInfoHelper:188 - Warn: Could not find @TableId in Class: com.example.sureoa.dao.entity.WtjlxInfo.
2018-08-24 11:12:21 WARN  com.baomidou.mybatisplus.mapper.AutoSqlInjector:147 - class com.example.sureoa.dao.entity.WtjlxInfo ,Not found @TableId annotation, Cannot use Mybatis-Plus 'xxById' Method.
2018-08-24 11:12:21 INFO  org.springframework.web.servlet.handler.SimpleUrlHandlerMapping:373 - Mapped URL path [/**/favicon.ico] onto handler of type [class org.springframework.web.servlet.resource.ResourceHttpRequestHandler]
2018-08-24 11:12:21 INFO  org.springframework.web.servlet.mvc.method.annotation.RequestMappingHandlerAdapter:574 - Looking for @ControllerAdvice: org.springframework.boot.web.servlet.context.AnnotationConfigServletWebServerApplicationContext@47f4e407: startup date [Fri Aug 24 11:12:16 CST 2018]; root of context hierarchy
2018-08-24 11:12:21 INFO  org.springframework.web.servlet.mvc.method.annotation.RequestMappingHandlerMapping:547 - Mapped "{[/wtjlx/swj]}" onto public java.util.List com.example.sureoa.web.WTJLXController.getWtj()
2018-08-24 11:12:21 INFO  org.springframework.web.servlet.mvc.method.annotation.RequestMappingHandlerMapping:547 - Mapped "{[/error]}" onto public org.springframework.http.ResponseEntity<java.util.Map<java.lang.String, java.lang.Object>> org.springframework.boot.autoconfigure.web.servlet.error.BasicErrorController.error(javax.servlet.http.HttpServletRequest)
2018-08-24 11:12:21 INFO  org.springframework.web.servlet.mvc.method.annotation.RequestMappingHandlerMapping:547 - Mapped "{[/error],produces=[text/html]}" onto public org.springframework.web.servlet.ModelAndView org.springframework.boot.autoconfigure.web.servlet.error.BasicErrorController.errorHtml(javax.servlet.http.HttpServletRequest,javax.servlet.http.HttpServletResponse)
2018-08-24 11:12:21 INFO  org.springframework.web.servlet.handler.SimpleUrlHandlerMapping:373 - Mapped URL path [/webjars/**] onto handler of type [class org.springframework.web.servlet.resource.ResourceHttpRequestHandler]
2018-08-24 11:12:21 INFO  org.springframework.web.servlet.handler.SimpleUrlHandlerMapping:373 - Mapped URL path [/**] onto handler of type [class org.springframework.web.servlet.resource.ResourceHttpRequestHandler]
2018-08-24 11:12:22 INFO  org.springframework.jmx.export.annotation.AnnotationMBeanExporter:433 - Registering beans for JMX exposure on startup
2018-08-24 11:12:22 INFO  org.springframework.jmx.export.annotation.AnnotationMBeanExporter:895 - Bean with name 'statFilter' has been autodetected for JMX exposure
2018-08-24 11:12:22 INFO  org.springframework.jmx.export.annotation.AnnotationMBeanExporter:668 - Located MBean 'statFilter': registering with JMX server as MBean [com.alibaba.druid.filter.stat:name=statFilter,type=StatFilter]
2018-08-24 11:12:22 INFO  org.apache.coyote.http11.Http11NioProtocol:180 - Starting ProtocolHandler ["http-nio-8081"]
2018-08-24 11:12:22 INFO  org.apache.tomcat.util.net.NioSelectorPool:180 - Using a shared selector for servlet write/read
2018-08-24 11:12:22 INFO  org.springframework.boot.web.embedded.tomcat.TomcatWebServer:206 - Tomcat started on port(s): 8081 (http) with context path ''
2018-08-24 11:12:22 INFO  com.example.sureoa.SureoaWebApplication:59 - Started SureoaWebApplication in 6.641 seconds (JVM running for 7.483)
2018-08-24 11:13:16 ERROR org.apache.catalina.core.AprLifecycleListener:180 - An incompatible version [1.2.12] of the APR based Apache Tomcat Native library is installed, while Tomcat requires version [1.2.14]
2018-08-24 11:13:16 INFO  org.apache.catalina.core.ContainerBase.[Tomcat].[localhost].[/]:180 - Initializing Spring FrameworkServlet 'dispatcherServlet'
2018-08-24 11:13:16 INFO  org.springframework.web.servlet.DispatcherServlet:494 - FrameworkServlet 'dispatcherServlet': initialization started
2018-08-24 11:13:16 INFO  org.springframework.web.servlet.DispatcherServlet:509 - FrameworkServlet 'dispatcherServlet': initialization completed in 25 ms
2018-08-24 11:32:26 INFO  com.example.sureoa.SureoaWebApplication:50 - Starting SureoaWebApplication on ASZAA-D216 with PID 48668 (started by songwenjia in E:\雅典娜项目\sureoa20180822)
2018-08-24 11:32:26 INFO  com.example.sureoa.SureoaWebApplication:662 - No active profile set, falling back to default profiles: default
2018-08-24 11:32:26 INFO  org.springframework.boot.web.servlet.context.AnnotationConfigServletWebServerApplicationContext:590 - Refreshing org.springframework.boot.web.servlet.context.AnnotationConfigServletWebServerApplicationContext@2cc44ad: startup date [Fri Aug 24 11:32:26 CST 2018]; root of context hierarchy
2018-08-24 11:32:28 ERROR org.apache.catalina.core.AprLifecycleListener:180 - An incompatible version [1.2.12] of the APR based Apache Tomcat Native library is installed, while Tomcat requires version [1.2.14]
2018-08-24 11:32:29 INFO  org.springframework.boot.web.embedded.tomcat.TomcatWebServer:91 - Tomcat initialized with port(s): 8081 (http)
2018-08-24 11:32:29 ERROR org.apache.catalina.core.AprLifecycleListener:180 - An incompatible version [1.2.12] of the APR based Apache Tomcat Native library is installed, while Tomcat requires version [1.2.14]
2018-08-24 11:32:29 INFO  org.apache.coyote.http11.Http11NioProtocol:180 - Initializing ProtocolHandler ["http-nio-8081"]
2018-08-24 11:32:29 INFO  org.apache.catalina.core.StandardService:180 - Starting service [Tomcat]
2018-08-24 11:32:29 INFO  org.apache.catalina.core.StandardEngine:180 - Starting Servlet Engine: Apache Tomcat/8.5.32
2018-08-24 11:32:29 ERROR org.apache.catalina.core.AprLifecycleListener:180 - An incompatible version [1.2.12] of the APR based Apache Tomcat Native library is installed, while Tomcat requires version [1.2.14]
2018-08-24 11:32:29 INFO  org.apache.catalina.core.ContainerBase.[Tomcat].[localhost].[/sureoa]:180 - Initializing Spring embedded WebApplicationContext
2018-08-24 11:32:29 INFO  org.springframework.web.context.ContextLoader:285 - Root WebApplicationContext: initialization completed in 2429 ms
2018-08-24 11:32:29 INFO  org.springframework.boot.web.servlet.ServletRegistrationBean:187 - Servlet dispatcherServlet mapped to [/]
2018-08-24 11:32:29 INFO  org.springframework.boot.web.servlet.ServletRegistrationBean:187 - Servlet statViewServlet mapped to [/druid/*]
2018-08-24 11:32:29 INFO  org.springframework.boot.web.servlet.FilterRegistrationBean:245 - Mapping filter: 'characterEncodingFilter' to: [/*]
2018-08-24 11:32:29 INFO  org.springframework.boot.web.servlet.FilterRegistrationBean:245 - Mapping filter: 'hiddenHttpMethodFilter' to: [/*]
2018-08-24 11:32:29 INFO  org.springframework.boot.web.servlet.FilterRegistrationBean:245 - Mapping filter: 'httpPutFormContentFilter' to: [/*]
2018-08-24 11:32:29 INFO  org.springframework.boot.web.servlet.FilterRegistrationBean:245 - Mapping filter: 'requestContextFilter' to: [/*]
2018-08-24 11:32:29 INFO  org.springframework.boot.web.servlet.FilterRegistrationBean:258 - Mapping filter: 'webStatFilter' to urls: [/*]
2018-08-24 11:32:29 WARN  com.alibaba.druid.pool.DruidAbstractDataSource:1176 - oracle.jdbc.driver.OracleDriver is deprecated.Having use oracle.jdbc.OracleDriver.
2018-08-24 11:32:29 INFO  com.alibaba.druid.pool.DruidDataSource:930 - {dataSource-1} inited
2018-08-24 11:32:30 WARN  com.baomidou.mybatisplus.toolkit.TableInfoHelper:188 - Warn: Could not find @TableId in Class: com.example.sureoa.dao.entity.WtjlxInfo.
2018-08-24 11:32:30 WARN  com.baomidou.mybatisplus.mapper.AutoSqlInjector:147 - class com.example.sureoa.dao.entity.WtjlxInfo ,Not found @TableId annotation, Cannot use Mybatis-Plus 'xxById' Method.
2018-08-24 11:32:30 INFO  org.springframework.web.servlet.handler.SimpleUrlHandlerMapping:373 - Mapped URL path [/**/favicon.ico] onto handler of type [class org.springframework.web.servlet.resource.ResourceHttpRequestHandler]
2018-08-24 11:32:31 INFO  org.springframework.web.servlet.mvc.method.annotation.RequestMappingHandlerAdapter:574 - Looking for @ControllerAdvice: org.springframework.boot.web.servlet.context.AnnotationConfigServletWebServerApplicationContext@2cc44ad: startup date [Fri Aug 24 11:32:26 CST 2018]; root of context hierarchy
2018-08-24 11:32:31 INFO  org.springframework.web.servlet.mvc.method.annotation.RequestMappingHandlerMapping:547 - Mapped "{[/wtjlx/swj]}" onto public java.util.List com.example.sureoa.web.WTJLXController.getWtj()
2018-08-24 11:32:31 INFO  org.springframework.web.servlet.mvc.method.annotation.RequestMappingHandlerMapping:547 - Mapped "{[/error]}" onto public org.springframework.http.ResponseEntity<java.util.Map<java.lang.String, java.lang.Object>> org.springframework.boot.autoconfigure.web.servlet.error.BasicErrorController.error(javax.servlet.http.HttpServletRequest)
2018-08-24 11:32:31 INFO  org.springframework.web.servlet.mvc.method.annotation.RequestMappingHandlerMapping:547 - Mapped "{[/error],produces=[text/html]}" onto public org.springframework.web.servlet.ModelAndView org.springframework.boot.autoconfigure.web.servlet.error.BasicErrorController.errorHtml(javax.servlet.http.HttpServletRequest,javax.servlet.http.HttpServletResponse)
2018-08-24 11:32:31 INFO  org.springframework.web.servlet.handler.SimpleUrlHandlerMapping:373 - Mapped URL path [/webjars/**] onto handler of type [class org.springframework.web.servlet.resource.ResourceHttpRequestHandler]
2018-08-24 11:32:31 INFO  org.springframework.web.servlet.handler.SimpleUrlHandlerMapping:373 - Mapped URL path [/**] onto handler of type [class org.springframework.web.servlet.resource.ResourceHttpRequestHandler]
2018-08-24 11:32:31 INFO  org.springframework.jmx.export.annotation.AnnotationMBeanExporter:433 - Registering beans for JMX exposure on startup
2018-08-24 11:32:31 INFO  org.springframework.jmx.export.annotation.AnnotationMBeanExporter:895 - Bean with name 'statFilter' has been autodetected for JMX exposure
2018-08-24 11:32:31 INFO  org.springframework.jmx.export.annotation.AnnotationMBeanExporter:668 - Located MBean 'statFilter': registering with JMX server as MBean [com.alibaba.druid.filter.stat:name=statFilter,type=StatFilter]
2018-08-24 11:32:31 INFO  org.apache.coyote.http11.Http11NioProtocol:180 - Starting ProtocolHandler ["http-nio-8081"]
2018-08-24 11:32:31 INFO  org.apache.tomcat.util.net.NioSelectorPool:180 - Using a shared selector for servlet write/read
2018-08-24 11:32:32 INFO  org.springframework.boot.web.embedded.tomcat.TomcatWebServer:206 - Tomcat started on port(s): 8081 (http) with context path '/sureoa'
2018-08-24 11:32:32 INFO  com.example.sureoa.SureoaWebApplication:59 - Started SureoaWebApplication in 6.686 seconds (JVM running for 7.535)
2018-08-24 11:40:54 ERROR org.apache.catalina.core.AprLifecycleListener:180 - An incompatible version [1.2.12] of the APR based Apache Tomcat Native library is installed, while Tomcat requires version [1.2.14]
2018-08-24 11:41:05 INFO  org.apache.catalina.core.ContainerBase.[Tomcat].[localhost].[/sureoa]:180 - Initializing Spring FrameworkServlet 'dispatcherServlet'
2018-08-24 11:41:05 INFO  org.springframework.web.servlet.DispatcherServlet:494 - FrameworkServlet 'dispatcherServlet': initialization started
2018-08-24 11:41:05 INFO  org.springframework.web.servlet.DispatcherServlet:509 - FrameworkServlet 'dispatcherServlet': initialization completed in 46 ms
2018-08-24 12:34:34 INFO  com.example.sureoa.SureoaWebApplication:50 - Starting SureoaWebApplication on ASZAA-D216 with PID 37364 (started by songwenjia in E:\雅典娜项目\sureoa20180822)
2018-08-24 12:34:34 INFO  com.example.sureoa.SureoaWebApplication:662 - No active profile set, falling back to default profiles: default
2018-08-24 12:34:35 INFO  org.springframework.boot.web.servlet.context.AnnotationConfigServletWebServerApplicationContext:590 - Refreshing org.springframework.boot.web.servlet.context.AnnotationConfigServletWebServerApplicationContext@69653e16: startup date [Fri Aug 24 12:34:35 CST 2018]; root of context hierarchy
2018-08-24 12:34:37 ERROR org.apache.catalina.core.AprLifecycleListener:180 - An incompatible version [1.2.12] of the APR based Apache Tomcat Native library is installed, while Tomcat requires version [1.2.14]
2018-08-24 12:34:37 INFO  org.springframework.boot.web.embedded.tomcat.TomcatWebServer:91 - Tomcat initialized with port(s): 8081 (http)
2018-08-24 12:34:37 ERROR org.apache.catalina.core.AprLifecycleListener:180 - An incompatible version [1.2.12] of the APR based Apache Tomcat Native library is installed, while Tomcat requires version [1.2.14]
2018-08-24 12:34:37 INFO  org.apache.coyote.http11.Http11NioProtocol:180 - Initializing ProtocolHandler ["http-nio-8081"]
2018-08-24 12:34:37 INFO  org.apache.catalina.core.StandardService:180 - Starting service [Tomcat]
2018-08-24 12:34:37 INFO  org.apache.catalina.core.StandardEngine:180 - Starting Servlet Engine: Apache Tomcat/8.5.32
2018-08-24 12:34:37 ERROR org.apache.catalina.core.AprLifecycleListener:180 - An incompatible version [1.2.12] of the APR based Apache Tomcat Native library is installed, while Tomcat requires version [1.2.14]
2018-08-24 12:34:37 INFO  org.apache.catalina.core.ContainerBase.[Tomcat].[localhost].[/sureoa]:180 - Initializing Spring embedded WebApplicationContext
2018-08-24 12:34:37 INFO  org.springframework.web.context.ContextLoader:285 - Root WebApplicationContext: initialization completed in 2721 ms
2018-08-24 12:34:38 INFO  org.springframework.boot.web.servlet.ServletRegistrationBean:187 - Servlet dispatcherServlet mapped to [/]
2018-08-24 12:34:38 INFO  org.springframework.boot.web.servlet.ServletRegistrationBean:187 - Servlet statViewServlet mapped to [/druid/*]
2018-08-24 12:34:38 INFO  org.springframework.boot.web.servlet.FilterRegistrationBean:245 - Mapping filter: 'characterEncodingFilter' to: [/*]
2018-08-24 12:34:38 INFO  org.springframework.boot.web.servlet.FilterRegistrationBean:245 - Mapping filter: 'hiddenHttpMethodFilter' to: [/*]
2018-08-24 12:34:38 INFO  org.springframework.boot.web.servlet.FilterRegistrationBean:245 - Mapping filter: 'httpPutFormContentFilter' to: [/*]
2018-08-24 12:34:38 INFO  org.springframework.boot.web.servlet.FilterRegistrationBean:245 - Mapping filter: 'requestContextFilter' to: [/*]
2018-08-24 12:34:38 INFO  org.springframework.boot.web.servlet.FilterRegistrationBean:258 - Mapping filter: 'webStatFilter' to urls: [/*]
2018-08-24 12:34:38 WARN  com.alibaba.druid.pool.DruidAbstractDataSource:1176 - oracle.jdbc.driver.OracleDriver is deprecated.Having use oracle.jdbc.OracleDriver.
2018-08-24 12:34:38 INFO  com.alibaba.druid.pool.DruidDataSource:930 - {dataSource-1} inited
2018-08-24 12:34:39 WARN  com.baomidou.mybatisplus.toolkit.TableInfoHelper:188 - Warn: Could not find @TableId in Class: com.example.sureoa.dao.entity.WtjlxInfo.
2018-08-24 12:34:39 WARN  com.baomidou.mybatisplus.mapper.AutoSqlInjector:147 - class com.example.sureoa.dao.entity.WtjlxInfo ,Not found @TableId annotation, Cannot use Mybatis-Plus 'xxById' Method.
2018-08-24 12:34:39 INFO  org.springframework.web.servlet.handler.SimpleUrlHandlerMapping:373 - Mapped URL path [/**/favicon.ico] onto handler of type [class org.springframework.web.servlet.resource.ResourceHttpRequestHandler]
2018-08-24 12:34:39 INFO  org.springframework.web.servlet.mvc.method.annotation.RequestMappingHandlerAdapter:574 - Looking for @ControllerAdvice: org.springframework.boot.web.servlet.context.AnnotationConfigServletWebServerApplicationContext@69653e16: startup date [Fri Aug 24 12:34:35 CST 2018]; root of context hierarchy
2018-08-24 12:34:39 INFO  org.springframework.web.servlet.mvc.method.annotation.RequestMappingHandlerMapping:547 - Mapped "{[/wtjlx/swj]}" onto public java.util.List com.example.sureoa.web.WTJLXController.getWtj()
2018-08-24 12:34:39 INFO  org.springframework.web.servlet.mvc.method.annotation.RequestMappingHandlerMapping:547 - Mapped "{[/error]}" onto public org.springframework.http.ResponseEntity<java.util.Map<java.lang.String, java.lang.Object>> org.springframework.boot.autoconfigure.web.servlet.error.BasicErrorController.error(javax.servlet.http.HttpServletRequest)
2018-08-24 12:34:39 INFO  org.springframework.web.servlet.mvc.method.annotation.RequestMappingHandlerMapping:547 - Mapped "{[/error],produces=[text/html]}" onto public org.springframework.web.servlet.ModelAndView org.springframework.boot.autoconfigure.web.servlet.error.BasicErrorController.errorHtml(javax.servlet.http.HttpServletRequest,javax.servlet.http.HttpServletResponse)
2018-08-24 12:34:39 INFO  org.springframework.web.servlet.handler.SimpleUrlHandlerMapping:373 - Mapped URL path [/webjars/**] onto handler of type [class org.springframework.web.servlet.resource.ResourceHttpRequestHandler]
2018-08-24 12:34:39 INFO  org.springframework.web.servlet.handler.SimpleUrlHandlerMapping:373 - Mapped URL path [/**] onto handler of type [class org.springframework.web.servlet.resource.ResourceHttpRequestHandler]
2018-08-24 12:34:40 INFO  org.springframework.jmx.export.annotation.AnnotationMBeanExporter:433 - Registering beans for JMX exposure on startup
2018-08-24 12:34:40 INFO  org.springframework.jmx.export.annotation.AnnotationMBeanExporter:895 - Bean with name 'statFilter' has been autodetected for JMX exposure
2018-08-24 12:34:40 INFO  org.springframework.jmx.export.annotation.AnnotationMBeanExporter:668 - Located MBean 'statFilter': registering with JMX server as MBean [com.alibaba.druid.filter.stat:name=statFilter,type=StatFilter]
2018-08-24 12:34:40 INFO  org.apache.coyote.http11.Http11NioProtocol:180 - Starting ProtocolHandler ["http-nio-8081"]
2018-08-24 12:34:40 INFO  org.apache.tomcat.util.net.NioSelectorPool:180 - Using a shared selector for servlet write/read
2018-08-24 12:34:40 INFO  org.springframework.boot.web.embedded.tomcat.TomcatWebServer:206 - Tomcat started on port(s): 8081 (http) with context path '/sureoa'
2018-08-24 12:34:40 INFO  com.example.sureoa.SureoaWebApplication:59 - Started SureoaWebApplication in 6.729 seconds (JVM running for 7.545)
2018-08-24 12:35:36 ERROR org.apache.catalina.core.AprLifecycleListener:180 - An incompatible version [1.2.12] of the APR based Apache Tomcat Native library is installed, while Tomcat requires version [1.2.14]
2018-08-24 12:35:37 INFO  org.apache.catalina.core.ContainerBase.[Tomcat].[localhost].[/sureoa]:180 - Initializing Spring FrameworkServlet 'dispatcherServlet'
2018-08-24 12:35:37 INFO  org.springframework.web.servlet.DispatcherServlet:494 - FrameworkServlet 'dispatcherServlet': initialization started
2018-08-24 12:35:37 INFO  org.springframework.web.servlet.DispatcherServlet:509 - FrameworkServlet 'dispatcherServlet': initialization completed in 319 ms
2018-08-24 12:35:37 DEBUG com.example.sureoa.dao.mapper.WtjlxMapper.selectList:159 - ==>  Preparing: SELECT 序号,问题件类型 FROM TAB_问题件类型 
2018-08-24 12:35:37 DEBUG com.example.sureoa.dao.mapper.WtjlxMapper.selectList:159 - ==> Parameters: 
2018-08-24 12:35:37 DEBUG com.example.sureoa.dao.mapper.WtjlxMapper.selectList:159 - <==      Total: 15
2018-08-24 14:42:17 INFO  com.example.sureoa.SureoaWebApplication:50 - Starting SureoaWebApplication on ASZAA-D216 with PID 44880 (started by songwenjia in E:\雅典娜项目\sureoa20180822)
2018-08-24 14:42:17 INFO  com.example.sureoa.SureoaWebApplication:662 - No active profile set, falling back to default profiles: default
2018-08-24 14:42:17 INFO  org.springframework.boot.web.servlet.context.AnnotationConfigServletWebServerApplicationContext:590 - Refreshing org.springframework.boot.web.servlet.context.AnnotationConfigServletWebServerApplicationContext@6aa3a905: startup date [Fri Aug 24 14:42:17 CST 2018]; root of context hierarchy
2018-08-24 14:42:20 ERROR org.apache.catalina.core.AprLifecycleListener:180 - An incompatible version [1.2.12] of the APR based Apache Tomcat Native library is installed, while Tomcat requires version [1.2.14]
2018-08-24 14:42:20 INFO  org.springframework.boot.web.embedded.tomcat.TomcatWebServer:91 - Tomcat initialized with port(s): 8081 (http)
2018-08-24 14:42:20 ERROR org.apache.catalina.core.AprLifecycleListener:180 - An incompatible version [1.2.12] of the APR based Apache Tomcat Native library is installed, while Tomcat requires version [1.2.14]
2018-08-24 14:42:20 INFO  org.apache.coyote.http11.Http11NioProtocol:180 - Initializing ProtocolHandler ["http-nio-8081"]
2018-08-24 14:42:20 INFO  org.apache.catalina.core.StandardService:180 - Starting service [Tomcat]
2018-08-24 14:42:20 INFO  org.apache.catalina.core.StandardEngine:180 - Starting Servlet Engine: Apache Tomcat/8.5.32
2018-08-24 14:42:20 ERROR org.apache.catalina.core.AprLifecycleListener:180 - An incompatible version [1.2.12] of the APR based Apache Tomcat Native library is installed, while Tomcat requires version [1.2.14]
2018-08-24 14:42:21 INFO  org.apache.catalina.core.ContainerBase.[Tomcat].[localhost].[/sureoa]:180 - Initializing Spring embedded WebApplicationContext
2018-08-24 14:42:21 INFO  org.springframework.web.context.ContextLoader:285 - Root WebApplicationContext: initialization completed in 3561 ms
2018-08-24 14:42:21 INFO  org.springframework.boot.web.servlet.ServletRegistrationBean:187 - Servlet dispatcherServlet mapped to [/]
2018-08-24 14:42:21 INFO  org.springframework.boot.web.servlet.ServletRegistrationBean:187 - Servlet statViewServlet mapped to [/druid/*]
2018-08-24 14:42:21 INFO  org.springframework.boot.web.servlet.FilterRegistrationBean:245 - Mapping filter: 'characterEncodingFilter' to: [/*]
2018-08-24 14:42:21 INFO  org.springframework.boot.web.servlet.FilterRegistrationBean:245 - Mapping filter: 'hiddenHttpMethodFilter' to: [/*]
2018-08-24 14:42:21 INFO  org.springframework.boot.web.servlet.FilterRegistrationBean:245 - Mapping filter: 'httpPutFormContentFilter' to: [/*]
2018-08-24 14:42:21 INFO  org.springframework.boot.web.servlet.FilterRegistrationBean:245 - Mapping filter: 'requestContextFilter' to: [/*]
2018-08-24 14:42:21 INFO  org.springframework.boot.web.servlet.FilterRegistrationBean:258 - Mapping filter: 'webStatFilter' to urls: [/*]
2018-08-24 14:42:22 WARN  com.alibaba.druid.pool.DruidAbstractDataSource:1176 - oracle.jdbc.driver.OracleDriver is deprecated.Having use oracle.jdbc.OracleDriver.
2018-08-24 14:42:22 INFO  com.alibaba.druid.pool.DruidDataSource:930 - {dataSource-1} inited
2018-08-24 14:42:22 WARN  com.baomidou.mybatisplus.toolkit.TableInfoHelper:188 - Warn: Could not find @TableId in Class: com.example.sureoa.dao.entity.WtjlxInfo.
2018-08-24 14:42:22 WARN  com.baomidou.mybatisplus.mapper.AutoSqlInjector:147 - class com.example.sureoa.dao.entity.WtjlxInfo ,Not found @TableId annotation, Cannot use Mybatis-Plus 'xxById' Method.
2018-08-24 14:42:23 INFO  org.springframework.web.servlet.handler.SimpleUrlHandlerMapping:373 - Mapped URL path [/**/favicon.ico] onto handler of type [class org.springframework.web.servlet.resource.ResourceHttpRequestHandler]
2018-08-24 14:42:23 INFO  org.springframework.web.servlet.mvc.method.annotation.RequestMappingHandlerAdapter:574 - Looking for @ControllerAdvice: org.springframework.boot.web.servlet.context.AnnotationConfigServletWebServerApplicationContext@6aa3a905: startup date [Fri Aug 24 14:42:17 CST 2018]; root of context hierarchy
2018-08-24 14:42:23 INFO  org.springframework.web.servlet.mvc.method.annotation.RequestMappingHandlerMapping:547 - Mapped "{[/wtjlx/swj]}" onto public java.util.List com.example.sureoa.web.WTJLXController.getWtj()
2018-08-24 14:42:23 INFO  org.springframework.web.servlet.mvc.method.annotation.RequestMappingHandlerMapping:547 - Mapped "{[/error]}" onto public org.springframework.http.ResponseEntity<java.util.Map<java.lang.String, java.lang.Object>> org.springframework.boot.autoconfigure.web.servlet.error.BasicErrorController.error(javax.servlet.http.HttpServletRequest)
2018-08-24 14:42:23 INFO  org.springframework.web.servlet.mvc.method.annotation.RequestMappingHandlerMapping:547 - Mapped "{[/error],produces=[text/html]}" onto public org.springframework.web.servlet.ModelAndView org.springframework.boot.autoconfigure.web.servlet.error.BasicErrorController.errorHtml(javax.servlet.http.HttpServletRequest,javax.servlet.http.HttpServletResponse)
2018-08-24 14:42:23 INFO  org.springframework.web.servlet.handler.SimpleUrlHandlerMapping:373 - Mapped URL path [/webjars/**] onto handler of type [class org.springframework.web.servlet.resource.ResourceHttpRequestHandler]
2018-08-24 14:42:23 INFO  org.springframework.web.servlet.handler.SimpleUrlHandlerMapping:373 - Mapped URL path [/**] onto handler of type [class org.springframework.web.servlet.resource.ResourceHttpRequestHandler]
2018-08-24 14:42:24 INFO  org.springframework.jmx.export.annotation.AnnotationMBeanExporter:433 - Registering beans for JMX exposure on startup
2018-08-24 14:42:24 INFO  org.springframework.jmx.export.annotation.AnnotationMBeanExporter:895 - Bean with name 'statFilter' has been autodetected for JMX exposure
2018-08-24 14:42:24 INFO  org.springframework.jmx.export.annotation.AnnotationMBeanExporter:668 - Located MBean 'statFilter': registering with JMX server as MBean [com.alibaba.druid.filter.stat:name=statFilter,type=StatFilter]
2018-08-24 14:42:24 INFO  org.apache.coyote.http11.Http11NioProtocol:180 - Starting ProtocolHandler ["http-nio-8081"]
2018-08-24 14:42:24 INFO  org.apache.tomcat.util.net.NioSelectorPool:180 - Using a shared selector for servlet write/read
2018-08-24 14:42:24 INFO  org.springframework.boot.web.embedded.tomcat.TomcatWebServer:206 - Tomcat started on port(s): 8081 (http) with context path '/sureoa'
2018-08-24 14:42:24 INFO  com.example.sureoa.SureoaWebApplication:59 - Started SureoaWebApplication in 8.128 seconds (JVM running for 9.763)
